Log file open, 07/12/24 13:02:30
LogWindows: Failed to load 'aqProf.dll' (GetLastError=126)
LogWindows: File 'aqProf.dll' does not exist
LogWindows: Failed to load 'VtuneApi.dll' (GetLastError=126)
LogWindows: File 'VtuneApi.dll' does not exist
LogWindows: Failed to load 'VtuneApi32e.dll' (GetLastError=126)
LogWindows: File 'VtuneApi32e.dll' does not exist
LogConsoleResponse: Display: Failed to find resolution value strings in scalability ini. Falling back to default.
LogConsoleResponse: Display: Failed to find resolution value strings in scalability ini. Falling back to default.
LogInit: Display: Running engine for game: CarProject
LogPlatformFile: Not using cached read wrapper
LogTaskGraph: Started task graph with 5 named threads and 23 total threads with 3 sets of task threads.
LogStats: Stats thread started at 0.473655
LogICUInternationalization: ICU TimeZone Detection - Raw Offset: -8:00, Platform Override: ''
LogInit: Display: Loading text-based GConfig....
LogPluginManager: Mounting plugin MeshPainting
LogPluginManager: Mounting plugin XGEController
LogPluginManager: Mounting plugin Paper2D
LogPluginManager: Mounting plugin AISupport
LogPluginManager: Mounting plugin EnvironmentQueryEditor
LogPluginManager: Mounting plugin LiveLink
LogPluginManager: Mounting plugin CameraShakePreviewer
LogPluginManager: Mounting plugin LightPropagationVolume
LogPluginManager: Mounting plugin GameplayCameras
LogPluginManager: Mounting plugin OodleData
LogPluginManager: Mounting plugin OodleNetwork
LogPluginManager: Mounting plugin DatasmithContent
LogPluginManager: Mounting plugin VariantManagerContent
LogPluginManager: Mounting plugin AssetManagerEditor
LogPluginManager: Mounting plugin CryptoKeys
LogPluginManager: Mounting plugin CurveEditorTools
LogPluginManager: Mounting plugin DataValidation
LogPluginManager: Mounting plugin GameplayTagsEditor
LogPluginManager: Mounting plugin FacialAnimation
LogPluginManager: Mounting plugin GeometryMode
LogPluginManager: Mounting plugin MacGraphicsSwitching
LogPluginManager: Mounting plugin AnimationSharing
LogPluginManager: Mounting plugin MaterialAnalyzer
LogPluginManager: Mounting plugin MobileLauncherProfileWizard
LogPluginManager: Mounting plugin CLionSourceCodeAccess
LogPluginManager: Mounting plugin CodeLiteSourceCodeAccess
LogPluginManager: Mounting plugin PluginBrowser
LogPluginManager: Mounting plugin SpeedTreeImporter
LogPluginManager: Mounting plugin KDevelopSourceCodeAccess
LogPluginManager: Mounting plugin GitSourceControl
LogPluginManager: Mounting plugin NullSourceCodeAccess
LogPluginManager: Mounting plugin PerforceSourceControl
LogPluginManager: Mounting plugin PixWinPlugin
LogPluginManager: Mounting plugin PlasticSourceControl
LogPluginManager: Mounting plugin PluginUtils
LogPluginManager: Mounting plugin PropertyAccessNode
LogPluginManager: Mounting plugin RiderSourceCodeAccess
LogPluginManager: Mounting plugin SubversionSourceControl
LogPluginManager: Mounting plugin TextureFormatOodle
LogPluginManager: Mounting plugin UObjectPlugin
LogPluginManager: Mounting plugin VisualStudioSourceCodeAccess
LogPluginManager: Mounting plugin VisualStudioCodeSourceCodeAccess
LogPluginManager: Mounting plugin XCodeSourceCodeAccess
LogPluginManager: Mounting plugin LuminPlatformFeatures
LogPluginManager: Mounting plugin Niagara
LogPluginManager: Mounting plugin MagicLeap
LogPluginManager: Mounting plugin MagicLeapLightEstimation
LogPluginManager: Mounting plugin MagicLeapMedia
LogPluginManager: Mounting plugin MagicLeapPassableWorld
LogPluginManager: Mounting plugin MLSDK
LogPluginManager: Mounting plugin AndroidMedia
LogPluginManager: Mounting plugin AvfMedia
LogPluginManager: Mounting plugin ImgMedia
LogPluginManager: Mounting plugin MediaCompositing
LogPluginManager: Mounting plugin MediaPlayerEditor
LogPluginManager: Mounting plugin WebMMedia
LogPluginManager: Mounting plugin AlembicImporter
LogPluginManager: Mounting plugin WmfMedia
LogPluginManager: Mounting plugin AutomationUtils
LogPluginManager: Mounting plugin BackChannel
LogPluginManager: Mounting plugin ChaosCloth
LogPluginManager: Mounting plugin ChaosEditor
LogPluginManager: Mounting plugin ChaosClothEditor
LogPluginManager: Mounting plugin ChaosNiagara
LogPluginManager: Mounting plugin ChaosSolverPlugin
LogPluginManager: Mounting plugin CharacterAI
LogPluginManager: Mounting plugin GeometryCache
LogPluginManager: Mounting plugin GeometryCollectionPlugin
LogPluginManager: Mounting plugin GeometryProcessing
LogPluginManager: Mounting plugin TcpMessaging
LogPluginManager: Mounting plugin UdpMessaging
LogPluginManager: Mounting plugin MotoSynth
LogPluginManager: Mounting plugin OpenImageDenoise
LogPluginManager: Mounting plugin PlanarCut
LogPluginManager: Mounting plugin PlatformCrypto
LogPluginManager: Mounting plugin ProxyLODPlugin
LogPluginManager: Mounting plugin PythonScriptPlugin
LogPluginManager: Mounting plugin SkeletalReduction
LogPluginManager: Mounting plugin ActorSequence
LogPluginManager: Mounting plugin LevelSequenceEditor
LogPluginManager: Mounting plugin MatineeToLevelSequence
LogPluginManager: Mounting plugin TemplateSequence
LogPluginManager: Mounting plugin OnlineSubsystem
LogPluginManager: Mounting plugin OnlineSubsystemNull
LogPluginManager: Mounting plugin OnlineSubsystemUtils
LogPluginManager: Mounting plugin LauncherChunkInstaller
LogPluginManager: Mounting plugin ActorLayerUtilities
LogPluginManager: Mounting plugin AndroidMoviePlayer
LogPluginManager: Mounting plugin AndroidDeviceProfileSelector
LogPluginManager: Mounting plugin AndroidPermission
LogPluginManager: Mounting plugin AppleImageUtils
LogPluginManager: Mounting plugin AppleMoviePlayer
LogPluginManager: Mounting plugin AssetTags
LogPluginManager: Mounting plugin ArchVisCharacter
LogPluginManager: Mounting plugin AudioCapture
LogPluginManager: Mounting plugin AudioSynesthesia
LogPluginManager: Mounting plugin CableComponent
LogPluginManager: Mounting plugin ChunkDownloader
LogPluginManager: Mounting plugin CustomMeshComponent
LogPluginManager: Mounting plugin EditableMesh
LogPluginManager: Mounting plugin ExampleDeviceProfileSelector
LogPluginManager: Mounting plugin ScreenshotTools
LogPluginManager: Mounting plugin GoogleCloudMessaging
LogPluginManager: Mounting plugin GooglePAD
LogPluginManager: Mounting plugin Takes
LogPluginManager: Mounting plugin IOSDeviceProfileSelector
LogPluginManager: Mounting plugin LinuxDeviceProfileSelector
LogPluginManager: Mounting plugin LocationServicesBPLibrary
LogPluginManager: Mounting plugin MobilePatchingUtils
LogPluginManager: Mounting plugin OpenXR
LogPluginManager: Mounting plugin OpenXRHandTracking
LogPluginManager: Mounting plugin OpenXREyeTracker
LogPluginManager: Mounting plugin PhysXVehicles
LogPluginManager: Mounting plugin PostSplashScreen
LogPluginManager: Mounting plugin ProceduralMeshComponent
LogPluginManager: Mounting plugin PropertyAccessEditor
LogPluginManager: Mounting plugin RuntimePhysXCooking
LogPluginManager: Mounting plugin SignificanceManager
LogPluginManager: Mounting plugin SoundFields
LogPluginManager: Mounting plugin Synthesis
LogPluginManager: Mounting plugin WebMMoviePlayer
LogPluginManager: Mounting plugin WindowsMoviePlayer
LogPluginManager: Mounting plugin ContentBrowserAssetDataSource
LogPluginManager: Mounting plugin ContentBrowserClassDataSource
LogPluginManager: Mounting plugin ContentBrowserFileDataSource
LogPluginManager: Mounting plugin OnlineSubsystemGooglePlay
LogPluginManager: Mounting plugin OnlineSubsystemIOS
LogPluginManager: Mounting plugin OculusVR
LogPluginManager: Mounting plugin SteamVR
PixWinPlugin: PIX capture plugin failed to initialize! Check that the process is launched from PIX.
LogInit: Using libcurl 7.55.1-DEV
LogInit:  - built for x86_64-pc-win32
LogInit:  - supports SSL with OpenSSL/1.1.1
LogInit:  - supports HTTP deflate (compression) using libz 1.2.8
LogInit:  - other features:
LogInit:      CURL_VERSION_SSL
LogInit:      CURL_VERSION_LIBZ
LogInit:      CURL_VERSION_IPV6
LogInit:      CURL_VERSION_ASYNCHDNS
LogInit:      CURL_VERSION_LARGEFILE
LogInit:      CURL_VERSION_IDN
LogInit:  CurlRequestOptions (configurable via config and command line):
LogInit:  - bVerifyPeer = true  - Libcurl will verify peer certificate
LogInit:  - bUseHttpProxy = false  - Libcurl will NOT use HTTP proxy
LogInit:  - bDontReuseConnections = false  - Libcurl will reuse connections
LogInit:  - MaxHostConnections = 16  - Libcurl will limit the number of connections to a host
LogInit:  - LocalHostAddr = Default
LogInit:  - BufferSize = 65536
LogOnline: OSS: Creating online subsystem instance for: NULL
LogInit: WinSock: version 1.1 (2.2), MaxSocks=32767, MaxUdp=65467
LogOnline: OSS: TryLoadSubsystemAndSetDefault: Loaded subsystem for module [NULL]
LogOculusPluginWrapper: OculusPlugin initialized successfully
LogHMD: Failed initializing OVRPlugin 1.59.0
LogInit: Build: ++UE4+Release-4.27-CL-18319896
LogInit: Engine Version: 4.27.2-18319896+++UE4+Release-4.27
LogInit: Compatible Engine Version: 4.27.0-17155196+++UE4+Release-4.27
LogInit: Net CL: 17155196
LogInit: OS: Windows 10 (Release 2009) (), CPU: Intel(R) Core(TM) i7-8550U CPU @ 1.80GHz, GPU: Intel(R) UHD Graphics 620
LogInit: Compiled (64-bit): Nov 30 2021 07:12:08
LogInit: Compiled with Visual C++: 19.24.28315.00
LogInit: Build Configuration: Development
LogInit: Branch Name: ++UE4+Release-4.27
LogInit: Command Line: 
LogInit: Base Directory: C:/Program Files/Epic Games/UE_4.27/Engine/Binaries/Win64/
LogInit: Allocator: TBB
LogInit: Installed Engine Build: 1
LogDevObjectVersion: Number of dev versions registered: 29
LogDevObjectVersion:   Dev-Blueprints (B0D832E4-1F89-4F0D-ACCF-7EB736FD4AA2): 10
LogDevObjectVersion:   Dev-Build (E1C64328-A22C-4D53-A36C-8E866417BD8C): 0
LogDevObjectVersion:   Dev-Core (375EC13C-06E4-48FB-B500-84F0262A717E): 4
LogDevObjectVersion:   Dev-Editor (E4B068ED-F494-42E9-A231-DA0B2E46BB41): 40
LogDevObjectVersion:   Dev-Framework (CFFC743F-43B0-4480-9391-14DF171D2073): 37
LogDevObjectVersion:   Dev-Mobile (B02B49B5-BB20-44E9-A304-32B752E40360): 3
LogDevObjectVersion:   Dev-Networking (A4E4105C-59A1-49B5-A7C5-40C4547EDFEE): 0
LogDevObjectVersion:   Dev-Online (39C831C9-5AE6-47DC-9A44-9C173E1C8E7C): 0
LogDevObjectVersion:   Dev-Physics (78F01B33-EBEA-4F98-B9B4-84EACCB95AA2): 14
LogDevObjectVersion:   Dev-Platform (6631380F-2D4D-43E0-8009-CF276956A95A): 0
LogDevObjectVersion:   Dev-Rendering (12F88B9F-8875-4AFC-A67C-D90C383ABD29): 45
LogDevObjectVersion:   Dev-Sequencer (7B5AE74C-D270-4C10-A958-57980B212A5A): 13
LogDevObjectVersion:   Dev-VR (D7296918-1DD6-4BDD-9DE2-64A83CC13884): 3
LogDevObjectVersion:   Dev-LoadTimes (C2A15278-BFE7-4AFE-6C17-90FF531DF755): 1
LogDevObjectVersion:   Private-Geometry (6EACA3D4-40EC-4CC1-B786-8BED09428FC5): 3
LogDevObjectVersion:   Dev-AnimPhys (29E575DD-E0A3-4627-9D10-D276232CDCEA): 17
LogDevObjectVersion:   Dev-Anim (AF43A65D-7FD3-4947-9873-3E8ED9C1BB05): 15
LogDevObjectVersion:   Dev-ReflectionCapture (6B266CEC-1EC7-4B8F-A30B-E4D90942FC07): 1
LogDevObjectVersion:   Dev-Automation (0DF73D61-A23F-47EA-B727-89E90C41499A): 1
LogDevObjectVersion:   FortniteMain (601D1886-AC64-4F84-AA16-D3DE0DEAC7D6): 47
LogDevObjectVersion:   FortniteRelease (E7086368-6B23-4C58-8439-1B7016265E91): 1
LogDevObjectVersion:   Dev-Enterprise (9DFFBCD6-494F-0158-E221-12823C92A888): 10
LogDevObjectVersion:   Dev-Niagara (F2AED0AC-9AFE-416F-8664-AA7FFA26D6FC): 1
LogDevObjectVersion:   Dev-Destruction (174F1F0B-B4C6-45A5-B13F-2EE8D0FB917D): 10
LogDevObjectVersion:   Dev-Physics-Ext (35F94A83-E258-406C-A318-09F59610247C): 41
LogDevObjectVersion:   Dev-PhysicsMaterial-Chaos (B68FC16E-8B1B-42E2-B453-215C058844FE): 1
LogDevObjectVersion:   Dev-CineCamera (B2E18506-4273-CFC2-A54E-F4BB758BBA07): 1
LogDevObjectVersion:   Dev-VirtualProduction (64F58936-FD1B-42BA-BA96-7289D5D0FA4E): 1
LogDevObjectVersion:   Dev-MediaFramework (6F0ED827-A609-4895-9C91-998D90180EA4): 2
LogInit: Presizing for max 25165824 objects, including 0 objects not considered by GC, pre-allocating 0 bytes for permanent pool.
LogConfig: Applying CVar settings from Section [/Script/Engine.StreamingSettings] File [G:/project/university/game/car/CarProject/Saved/Config/Windows/Engine.ini]
LogConfig: Setting CVar [[s.MinBulkDataSizeForAsyncLoading:131072]]
LogConfig: Setting CVar [[s.AsyncLoadingThreadEnabled:0]]
LogConfig: Setting CVar [[s.EventDrivenLoaderEnabled:1]]
LogConfig: Setting CVar [[s.WarnIfTimeLimitExceeded:0]]
LogConfig: Setting CVar [[s.TimeLimitExceededMultiplier:1.5]]
LogConfig: Setting CVar [[s.TimeLimitExceededMinTime:0.005]]
LogConfig: Setting CVar [[s.UseBackgroundLevelStreaming:1]]
LogConfig: Setting CVar [[s.PriorityAsyncLoadingExtraTime:15.0]]
LogConfig: Setting CVar [[s.LevelStreamingActorsUpdateTimeLimit:5.0]]
LogConfig: Setting CVar [[s.PriorityLevelStreamingActorsUpdateExtraTime:5.0]]
LogConfig: Setting CVar [[s.LevelStreamingComponentsRegistrationGranularity:10]]
LogConfig: Setting CVar [[s.UnregisterComponentsTimeLimit:1.0]]
LogConfig: Setting CVar [[s.LevelStreamingComponentsUnregistrationGranularity:5]]
LogConfig: Setting CVar [[s.FlushStreamingOnExit:1]]
LogInit: Object subsystem initialized
LogConfig: Setting CVar [[con.DebugEarlyDefault:1]]
LogConfig: Setting CVar [[r.setres:1280x720]]
[2024.07.12-20.02.31:389][  0]LogConfig: Setting CVar [[r.VSync:0]]
[2024.07.12-20.02.31:389][  0]LogConfig: Setting CVar [[r.RHICmdBypass:0]]
[2024.07.12-20.02.31:389][  0]LogConfig: Applying CVar settings from Section [/Script/Engine.RendererSettings] File [G:/project/university/game/car/CarProject/Saved/Config/Windows/Engine.ini]
[2024.07.12-20.02.31:389][  0]LogConfig: Setting CVar [[r.GPUCrashDebugging:0]]
[2024.07.12-20.02.31:389][  0]LogConfig: Setting CVar [[r.DefaultFeature.MotionBlur:0]]
[2024.07.12-20.02.31:389][  0]LogConfig: Applying CVar settings from Section [/Script/Engine.RendererOverrideSettings] File [G:/project/university/game/car/CarProject/Saved/Config/Windows/Engine.ini]
[2024.07.12-20.02.31:389][  0]LogConfig: Applying CVar settings from Section [/Script/Engine.StreamingSettings] File [G:/project/university/game/car/CarProject/Saved/Config/Windows/Engine.ini]
[2024.07.12-20.02.31:389][  0]LogConfig: Setting CVar [[s.MinBulkDataSizeForAsyncLoading:131072]]
[2024.07.12-20.02.31:389][  0]LogConfig: Setting CVar [[s.AsyncLoadingThreadEnabled:0]]
[2024.07.12-20.02.31:389][  0]LogConfig: Setting CVar [[s.EventDrivenLoaderEnabled:1]]
[2024.07.12-20.02.31:389][  0]LogConfig: Setting CVar [[s.WarnIfTimeLimitExceeded:0]]
[2024.07.12-20.02.31:389][  0]LogConfig: Setting CVar [[s.TimeLimitExceededMultiplier:1.5]]
[2024.07.12-20.02.31:389][  0]LogConfig: Setting CVar [[s.TimeLimitExceededMinTime:0.005]]
[2024.07.12-20.02.31:389][  0]LogConfig: Setting CVar [[s.UseBackgroundLevelStreaming:1]]
[2024.07.12-20.02.31:390][  0]LogConfig: Setting CVar [[s.PriorityAsyncLoadingExtraTime:15.0]]
[2024.07.12-20.02.31:390][  0]LogConfig: Setting CVar [[s.LevelStreamingActorsUpdateTimeLimit:5.0]]
[2024.07.12-20.02.31:390][  0]LogConfig: Setting CVar [[s.PriorityLevelStreamingActorsUpdateExtraTime:5.0]]
[2024.07.12-20.02.31:390][  0]LogConfig: Setting CVar [[s.LevelStreamingComponentsRegistrationGranularity:10]]
[2024.07.12-20.02.31:390][  0]LogConfig: Setting CVar [[s.UnregisterComponentsTimeLimit:1.0]]
[2024.07.12-20.02.31:390][  0]LogConfig: Setting CVar [[s.LevelStreamingComponentsUnregistrationGranularity:5]]
[2024.07.12-20.02.31:390][  0]LogConfig: Setting CVar [[s.FlushStreamingOnExit:1]]
[2024.07.12-20.02.31:390][  0]LogConfig: Applying CVar settings from Section [/Script/Engine.GarbageCollectionSettings] File [G:/project/university/game/car/CarProject/Saved/Config/Windows/Engine.ini]
[2024.07.12-20.02.31:390][  0]LogConfig: Setting CVar [[gc.MaxObjectsNotConsideredByGC:1]]
[2024.07.12-20.02.31:390][  0]LogConfig: Setting CVar [[gc.SizeOfPermanentObjectPool:0]]
[2024.07.12-20.02.31:390][  0]LogConfig: Setting CVar [[gc.FlushStreamingOnGC:0]]
[2024.07.12-20.02.31:390][  0]LogConfig: Setting CVar [[gc.NumRetriesBeforeForcingGC:10]]
[2024.07.12-20.02.31:390][  0]LogConfig: Setting CVar [[gc.AllowParallelGC:1]]
[2024.07.12-20.02.31:390][  0]LogConfig: Setting CVar [[gc.TimeBetweenPurgingPendingKillObjects:61.1]]
[2024.07.12-20.02.31:390][  0]LogConfig: Setting CVar [[gc.MaxObjectsInEditor:25165824]]
[2024.07.12-20.02.31:390][  0]LogConfig: Setting CVar [[gc.IncrementalBeginDestroyEnabled:1]]
[2024.07.12-20.02.31:390][  0]LogConfig: Setting CVar [[gc.CreateGCClusters:1]]
[2024.07.12-20.02.31:390][  0]LogConfig: Setting CVar [[gc.MinGCClusterSize:5]]
[2024.07.12-20.02.31:390][  0]LogConfig: Setting CVar [[gc.ActorClusteringEnabled:0]]
[2024.07.12-20.02.31:390][  0]LogConfig: Setting CVar [[gc.BlueprintClusteringEnabled:0]]
[2024.07.12-20.02.31:390][  0]LogConfig: Setting CVar [[gc.UseDisregardForGCOnDedicatedServers:0]]
[2024.07.12-20.02.31:390][  0]LogConfig: Setting CVar [[gc.MultithreadedDestructionEnabled:1]]
[2024.07.12-20.02.31:390][  0]LogConfig: Applying CVar settings from Section [/Script/Engine.NetworkSettings] File [G:/project/university/game/car/CarProject/Saved/Config/Windows/Engine.ini]
[2024.07.12-20.02.31:390][  0]LogConfig: Applying CVar settings from Section [/Script/UnrealEd.CookerSettings] File [G:/project/university/game/car/CarProject/Saved/Config/Windows/Engine.ini]
[2024.07.12-20.02.31:403][  0]LogConfig: Applying CVar settings from Section [ViewDistanceQuality@3] File [G:/project/university/game/car/CarProject/Saved/Config/Windows/Scalability.ini]
[2024.07.12-20.02.31:403][  0]LogConfig: Setting CVar [[r.SkeletalMeshLODBias:0]]
[2024.07.12-20.02.31:403][  0]LogConfig: Setting CVar [[r.ViewDistanceScale:1.0]]
[2024.07.12-20.02.31:403][  0]LogConfig: Applying CVar settings from Section [AntiAliasingQuality@3] File [G:/project/university/game/car/CarProject/Saved/Config/Windows/Scalability.ini]
[2024.07.12-20.02.31:403][  0]LogConfig: Setting CVar [[r.PostProcessAAQuality:4]]
[2024.07.12-20.02.31:404][  0]LogConfig: Applying CVar settings from Section [ShadowQuality@3] File [G:/project/university/game/car/CarProject/Saved/Config/Windows/Scalability.ini]
[2024.07.12-20.02.31:404][  0]LogConfig: Setting CVar [[r.LightFunctionQuality:1]]
[2024.07.12-20.02.31:404][  0]LogConfig: Setting CVar [[r.ShadowQuality:5]]
[2024.07.12-20.02.31:404][  0]LogConfig: Setting CVar [[r.Shadow.CSM.MaxCascades:10]]
[2024.07.12-20.02.31:404][  0]LogConfig: Setting CVar [[r.Shadow.MaxResolution:2048]]
[2024.07.12-20.02.31:404][  0]LogConfig: Setting CVar [[r.Shadow.MaxCSMResolution:2048]]
[2024.07.12-20.02.31:404][  0]LogConfig: Setting CVar [[r.Shadow.RadiusThreshold:0.01]]
[2024.07.12-20.02.31:404][  0]LogConfig: Setting CVar [[r.Shadow.DistanceScale:1.0]]
[2024.07.12-20.02.31:404][  0]LogConfig: Setting CVar [[r.Shadow.CSM.TransitionScale:1.0]]
[2024.07.12-20.02.31:404][  0]LogConfig: Setting CVar [[r.Shadow.PreShadowResolutionFactor:1.0]]
[2024.07.12-20.02.31:404][  0]LogConfig: Setting CVar [[r.DistanceFieldShadowing:1]]
[2024.07.12-20.02.31:404][  0]LogConfig: Setting CVar [[r.DistanceFieldAO:1]]
[2024.07.12-20.02.31:404][  0]LogConfig: Setting CVar [[r.AOQuality:2]]
[2024.07.12-20.02.31:404][  0]LogConfig: Setting CVar [[r.VolumetricFog:1]]
[2024.07.12-20.02.31:404][  0]LogConfig: Setting CVar [[r.VolumetricFog.GridPixelSize:8]]
[2024.07.12-20.02.31:404][  0]LogConfig: Setting CVar [[r.VolumetricFog.GridSizeZ:128]]
[2024.07.12-20.02.31:404][  0]LogConfig: Setting CVar [[r.VolumetricFog.HistoryMissSupersampleCount:4]]
[2024.07.12-20.02.31:404][  0]LogConfig: Setting CVar [[r.LightMaxDrawDistanceScale:1]]
[2024.07.12-20.02.31:404][  0]LogConfig: Setting CVar [[r.CapsuleShadows:1]]
[2024.07.12-20.02.31:404][  0]LogConfig: Applying CVar settings from Section [PostProcessQuality@3] File [G:/project/university/game/car/CarProject/Saved/Config/Windows/Scalability.ini]
[2024.07.12-20.02.31:404][  0]LogConfig: Setting CVar [[r.MotionBlurQuality:4]]
[2024.07.12-20.02.31:404][  0]LogConfig: Setting CVar [[r.AmbientOcclusionMipLevelFactor:0.4]]
[2024.07.12-20.02.31:404][  0]LogConfig: Setting CVar [[r.AmbientOcclusionMaxQuality:100]]
[2024.07.12-20.02.31:404][  0]LogConfig: Setting CVar [[r.AmbientOcclusionLevels:-1]]
[2024.07.12-20.02.31:404][  0]LogConfig: Setting CVar [[r.AmbientOcclusionRadiusScale:1.0]]
[2024.07.12-20.02.31:404][  0]LogConfig: Setting CVar [[r.DepthOfFieldQuality:2]]
[2024.07.12-20.02.31:404][  0]LogConfig: Setting CVar [[r.RenderTargetPoolMin:400]]
[2024.07.12-20.02.31:404][  0]LogConfig: Setting CVar [[r.LensFlareQuality:2]]
[2024.07.12-20.02.31:404][  0]LogConfig: Setting CVar [[r.SceneColorFringeQuality:1]]
[2024.07.12-20.02.31:404][  0]LogConfig: Setting CVar [[r.EyeAdaptationQuality:2]]
[2024.07.12-20.02.31:404][  0]LogConfig: Setting CVar [[r.BloomQuality:5]]
[2024.07.12-20.02.31:404][  0]LogConfig: Setting CVar [[r.FastBlurThreshold:100]]
[2024.07.12-20.02.31:404][  0]LogConfig: Setting CVar [[r.Upscale.Quality:3]]
[2024.07.12-20.02.31:404][  0]LogConfig: Setting CVar [[r.Tonemapper.GrainQuantization:1]]
[2024.07.12-20.02.31:404][  0]LogConfig: Setting CVar [[r.LightShaftQuality:1]]
[2024.07.12-20.02.31:404][  0]LogConfig: Setting CVar [[r.Filter.SizeScale:1]]
[2024.07.12-20.02.31:404][  0]LogConfig: Setting CVar [[r.Tonemapper.Quality:5]]
[2024.07.12-20.02.31:404][  0]LogConfig: Setting CVar [[r.DOF.Gather.AccumulatorQuality:1        ; higher gathering accumulator quality]]
[2024.07.12-20.02.31:404][  0]LogConfig: Setting CVar [[r.DOF.Gather.PostfilterMethod:1          ; Median3x3 postfilering method]]
[2024.07.12-20.02.31:404][  0]LogConfig: Setting CVar [[r.DOF.Gather.EnableBokehSettings:0       ; no bokeh simulation when gathering]]
[2024.07.12-20.02.31:405][  0]LogConfig: Setting CVar [[r.DOF.Gather.RingCount:4                 ; medium number of samples when gathering]]
[2024.07.12-20.02.31:405][  0]LogConfig: Setting CVar [[r.DOF.Scatter.ForegroundCompositing:1    ; additive foreground scattering]]
[2024.07.12-20.02.31:405][  0]LogConfig: Setting CVar [[r.DOF.Scatter.BackgroundCompositing:2    ; additive background scattering]]
[2024.07.12-20.02.31:405][  0]LogConfig: Setting CVar [[r.DOF.Scatter.EnableBokehSettings:1      ; bokeh simulation when scattering]]
[2024.07.12-20.02.31:405][  0]LogConfig: Setting CVar [[r.DOF.Scatter.MaxSpriteRatio:0.1         ; only a maximum of 10% of scattered bokeh]]
[2024.07.12-20.02.31:405][  0]LogConfig: Setting CVar [[r.DOF.Recombine.Quality:1                ; cheap slight out of focus]]
[2024.07.12-20.02.31:405][  0]LogConfig: Setting CVar [[r.DOF.Recombine.EnableBokehSettings:0    ; no bokeh simulation on slight out of focus]]
[2024.07.12-20.02.31:405][  0]LogConfig: Setting CVar [[r.DOF.TemporalAAQuality:1                ; more stable temporal accumulation]]
[2024.07.12-20.02.31:405][  0]LogConfig: Setting CVar [[r.DOF.Kernel.MaxForegroundRadius:0.025]]
[2024.07.12-20.02.31:405][  0]LogConfig: Setting CVar [[r.DOF.Kernel.MaxBackgroundRadius:0.025]]
[2024.07.12-20.02.31:405][  0]LogConfig: Applying CVar settings from Section [TextureQuality@3] File [G:/project/university/game/car/CarProject/Saved/Config/Windows/Scalability.ini]
[2024.07.12-20.02.31:405][  0]LogConfig: Setting CVar [[r.Streaming.MipBias:0]]
[2024.07.12-20.02.31:405][  0]LogConfig: Setting CVar [[r.Streaming.AmortizeCPUToGPUCopy:0]]
[2024.07.12-20.02.31:405][  0]LogConfig: Setting CVar [[r.Streaming.MaxNumTexturesToStreamPerFrame:0]]
[2024.07.12-20.02.31:405][  0]LogConfig: Setting CVar [[r.Streaming.Boost:1]]
[2024.07.12-20.02.31:405][  0]LogConfig: Setting CVar [[r.MaxAnisotropy:8]]
[2024.07.12-20.02.31:405][  0]LogConfig: Setting CVar [[r.VT.MaxAnisotropy:8]]
[2024.07.12-20.02.31:405][  0]LogConfig: Setting CVar [[r.Streaming.LimitPoolSizeToVRAM:0]]
[2024.07.12-20.02.31:405][  0]LogConfig: Setting CVar [[r.Streaming.PoolSize:1000]]
[2024.07.12-20.02.31:405][  0]LogConfig: Setting CVar [[r.Streaming.MaxEffectiveScreenSize:0]]
[2024.07.12-20.02.31:405][  0]LogConfig: Applying CVar settings from Section [EffectsQuality@3] File [G:/project/university/game/car/CarProject/Saved/Config/Windows/Scalability.ini]
[2024.07.12-20.02.31:405][  0]LogConfig: Setting CVar [[r.TranslucencyLightingVolumeDim:64]]
[2024.07.12-20.02.31:405][  0]LogConfig: Setting CVar [[r.RefractionQuality:2]]
[2024.07.12-20.02.31:405][  0]LogConfig: Setting CVar [[r.SSR.Quality:3]]
[2024.07.12-20.02.31:405][  0]LogConfig: Setting CVar [[r.SSR.HalfResSceneColor:0]]
[2024.07.12-20.02.31:405][  0]LogConfig: Setting CVar [[r.SceneColorFormat:4]]
[2024.07.12-20.02.31:405][  0]LogConfig: Setting CVar [[r.DetailMode:2]]
[2024.07.12-20.02.31:405][  0]LogConfig: Setting CVar [[r.TranslucencyVolumeBlur:1]]
[2024.07.12-20.02.31:405][  0]LogConfig: Setting CVar [[r.MaterialQualityLevel:1 ; High quality]]
[2024.07.12-20.02.31:405][  0]LogConfig: Setting CVar [[r.AnisotropicMaterials:1]]
[2024.07.12-20.02.31:405][  0]LogConfig: Setting CVar [[r.SSS.Scale:1]]
[2024.07.12-20.02.31:405][  0]LogConfig: Setting CVar [[r.SSS.SampleSet:2]]
[2024.07.12-20.02.31:405][  0]LogConfig: Setting CVar [[r.SSS.Quality:1]]
[2024.07.12-20.02.31:405][  0]LogConfig: Setting CVar [[r.SSS.HalfRes:0]]
[2024.07.12-20.02.31:405][  0]LogConfig: Setting CVar [[r.SSGI.Quality:3]]
[2024.07.12-20.02.31:405][  0]LogConfig: Setting CVar [[r.EmitterSpawnRateScale:1.0]]
[2024.07.12-20.02.31:405][  0]LogConfig: Setting CVar [[r.ParticleLightQuality:2]]
[2024.07.12-20.02.31:405][  0]LogConfig: Setting CVar [[r.SkyAtmosphere.AerialPerspectiveLUT.FastApplyOnOpaque:1 ; Always have FastSkyLUT 1 in this case to avoid wrong sky]]
[2024.07.12-20.02.31:405][  0]LogConfig: Setting CVar [[r.SkyAtmosphere.AerialPerspectiveLUT.SampleCountMaxPerSlice:4]]
[2024.07.12-20.02.31:405][  0]LogConfig: Setting CVar [[r.SkyAtmosphere.AerialPerspectiveLUT.DepthResolution:16.0]]
[2024.07.12-20.02.31:405][  0]LogConfig: Setting CVar [[r.SkyAtmosphere.FastSkyLUT:1]]
[2024.07.12-20.02.31:406][  0]LogConfig: Setting CVar [[r.SkyAtmosphere.FastSkyLUT.SampleCountMin:4.0]]
[2024.07.12-20.02.31:406][  0]LogConfig: Setting CVar [[r.SkyAtmosphere.FastSkyLUT.SampleCountMax:128.0]]
[2024.07.12-20.02.31:406][  0]LogConfig: Setting CVar [[r.SkyAtmosphere.SampleCountMin:4.0]]
[2024.07.12-20.02.31:406][  0]LogConfig: Setting CVar [[r.SkyAtmosphere.SampleCountMax:128.0]]
[2024.07.12-20.02.31:406][  0]LogConfig: Setting CVar [[r.SkyAtmosphere.TransmittanceLUT.UseSmallFormat:0]]
[2024.07.12-20.02.31:406][  0]LogConfig: Setting CVar [[r.SkyAtmosphere.TransmittanceLUT.SampleCount:10.0]]
[2024.07.12-20.02.31:406][  0]LogConfig: Setting CVar [[r.SkyAtmosphere.MultiScatteringLUT.SampleCount:15.0]]
[2024.07.12-20.02.31:406][  0]LogConfig: Setting CVar [[r.SkyLight.RealTimeReflectionCapture:1]]
[2024.07.12-20.02.31:406][  0]LogConfig: Applying CVar settings from Section [FoliageQuality@3] File [G:/project/university/game/car/CarProject/Saved/Config/Windows/Scalability.ini]
[2024.07.12-20.02.31:406][  0]LogConfig: Setting CVar [[foliage.DensityScale:1.0]]
[2024.07.12-20.02.31:406][  0]LogConfig: Setting CVar [[grass.DensityScale:1.0]]
[2024.07.12-20.02.31:406][  0]LogConfig: Applying CVar settings from Section [ShadingQuality@3] File [G:/project/university/game/car/CarProject/Saved/Config/Windows/Scalability.ini]
[2024.07.12-20.02.31:406][  0]LogConfig: Setting CVar [[r.HairStrands.SkyLighting.IntegrationType:2]]
[2024.07.12-20.02.31:406][  0]LogConfig: Setting CVar [[r.HairStrands.SkyAO.SampleCount:4]]
[2024.07.12-20.02.31:406][  0]LogConfig: Setting CVar [[r.HairStrands.Visibility.MSAA.SamplePerPixel:4]]
[2024.07.12-20.02.31:406][  0]LogInit: Selected Device Profile: [Windows]
[2024.07.12-20.02.31:406][  0]LogInit: Applying CVar settings loaded from the selected device profile: [Windows]
[2024.07.12-20.02.31:406][  0]LogHAL: Display: Platform has ~ 8 GB [8494747648 / 8589934592 / 8], which maps to Default [LargestMinGB=32, LargerMinGB=12, DefaultMinGB=8, SmallerMinGB=6, SmallestMinGB=0)
[2024.07.12-20.02.31:406][  0]LogInit: Going up to parent DeviceProfile []
[2024.07.12-20.02.31:406][  0]LogConfig: Applying CVar settings from Section [ViewDistanceQuality@3] File [G:/project/university/game/car/CarProject/Saved/Config/Windows/Scalability.ini]
[2024.07.12-20.02.31:406][  0]LogConfig: Setting CVar [[r.SkeletalMeshLODBias:0]]
[2024.07.12-20.02.31:406][  0]LogConfig: Setting CVar [[r.ViewDistanceScale:1.0]]
[2024.07.12-20.02.31:406][  0]LogConfig: Applying CVar settings from Section [AntiAliasingQuality@3] File [G:/project/university/game/car/CarProject/Saved/Config/Windows/Scalability.ini]
[2024.07.12-20.02.31:406][  0]LogConfig: Setting CVar [[r.PostProcessAAQuality:4]]
[2024.07.12-20.02.31:406][  0]LogConfig: Applying CVar settings from Section [ShadowQuality@3] File [G:/project/university/game/car/CarProject/Saved/Config/Windows/Scalability.ini]
[2024.07.12-20.02.31:406][  0]LogConfig: Setting CVar [[r.LightFunctionQuality:1]]
[2024.07.12-20.02.31:406][  0]LogConfig: Setting CVar [[r.ShadowQuality:5]]
[2024.07.12-20.02.31:406][  0]LogConfig: Setting CVar [[r.Shadow.CSM.MaxCascades:10]]
[2024.07.12-20.02.31:406][  0]LogConfig: Setting CVar [[r.Shadow.MaxResolution:2048]]
[2024.07.12-20.02.31:406][  0]LogConfig: Setting CVar [[r.Shadow.MaxCSMResolution:2048]]
[2024.07.12-20.02.31:406][  0]LogConfig: Setting CVar [[r.Shadow.RadiusThreshold:0.01]]
[2024.07.12-20.02.31:406][  0]LogConfig: Setting CVar [[r.Shadow.DistanceScale:1.0]]
[2024.07.12-20.02.31:407][  0]LogConfig: Setting CVar [[r.Shadow.CSM.TransitionScale:1.0]]
[2024.07.12-20.02.31:407][  0]LogConfig: Setting CVar [[r.Shadow.PreShadowResolutionFactor:1.0]]
[2024.07.12-20.02.31:407][  0]LogConfig: Setting CVar [[r.DistanceFieldShadowing:1]]
[2024.07.12-20.02.31:407][  0]LogConfig: Setting CVar [[r.DistanceFieldAO:1]]
[2024.07.12-20.02.31:407][  0]LogConfig: Setting CVar [[r.AOQuality:2]]
[2024.07.12-20.02.31:407][  0]LogConfig: Setting CVar [[r.VolumetricFog:1]]
[2024.07.12-20.02.31:407][  0]LogConfig: Setting CVar [[r.VolumetricFog.GridPixelSize:8]]
[2024.07.12-20.02.31:407][  0]LogConfig: Setting CVar [[r.VolumetricFog.GridSizeZ:128]]
[2024.07.12-20.02.31:407][  0]LogConfig: Setting CVar [[r.VolumetricFog.HistoryMissSupersampleCount:4]]
[2024.07.12-20.02.31:407][  0]LogConfig: Setting CVar [[r.LightMaxDrawDistanceScale:1]]
[2024.07.12-20.02.31:407][  0]LogConfig: Setting CVar [[r.CapsuleShadows:1]]
[2024.07.12-20.02.31:407][  0]LogConfig: Applying CVar settings from Section [PostProcessQuality@3] File [G:/project/university/game/car/CarProject/Saved/Config/Windows/Scalability.ini]
[2024.07.12-20.02.31:407][  0]LogConfig: Setting CVar [[r.MotionBlurQuality:4]]
[2024.07.12-20.02.31:407][  0]LogConfig: Setting CVar [[r.AmbientOcclusionMipLevelFactor:0.4]]
[2024.07.12-20.02.31:407][  0]LogConfig: Setting CVar [[r.AmbientOcclusionMaxQuality:100]]
[2024.07.12-20.02.31:407][  0]LogConfig: Setting CVar [[r.AmbientOcclusionLevels:-1]]
[2024.07.12-20.02.31:407][  0]LogConfig: Setting CVar [[r.AmbientOcclusionRadiusScale:1.0]]
[2024.07.12-20.02.31:407][  0]LogConfig: Setting CVar [[r.DepthOfFieldQuality:2]]
[2024.07.12-20.02.31:407][  0]LogConfig: Setting CVar [[r.RenderTargetPoolMin:400]]
[2024.07.12-20.02.31:407][  0]LogConfig: Setting CVar [[r.LensFlareQuality:2]]
[2024.07.12-20.02.31:407][  0]LogConfig: Setting CVar [[r.SceneColorFringeQuality:1]]
[2024.07.12-20.02.31:407][  0]LogConfig: Setting CVar [[r.EyeAdaptationQuality:2]]
[2024.07.12-20.02.31:407][  0]LogConfig: Setting CVar [[r.BloomQuality:5]]
[2024.07.12-20.02.31:407][  0]LogConfig: Setting CVar [[r.FastBlurThreshold:100]]
[2024.07.12-20.02.31:407][  0]LogConfig: Setting CVar [[r.Upscale.Quality:3]]
[2024.07.12-20.02.31:407][  0]LogConfig: Setting CVar [[r.Tonemapper.GrainQuantization:1]]
[2024.07.12-20.02.31:407][  0]LogConfig: Setting CVar [[r.LightShaftQuality:1]]
[2024.07.12-20.02.31:407][  0]LogConfig: Setting CVar [[r.Filter.SizeScale:1]]
[2024.07.12-20.02.31:407][  0]LogConfig: Setting CVar [[r.Tonemapper.Quality:5]]
[2024.07.12-20.02.31:407][  0]LogConfig: Setting CVar [[r.DOF.Gather.AccumulatorQuality:1        ; higher gathering accumulator quality]]
[2024.07.12-20.02.31:407][  0]LogConfig: Setting CVar [[r.DOF.Gather.PostfilterMethod:1          ; Median3x3 postfilering method]]
[2024.07.12-20.02.31:407][  0]LogConfig: Setting CVar [[r.DOF.Gather.EnableBokehSettings:0       ; no bokeh simulation when gathering]]
[2024.07.12-20.02.31:407][  0]LogConfig: Setting CVar [[r.DOF.Gather.RingCount:4                 ; medium number of samples when gathering]]
[2024.07.12-20.02.31:407][  0]LogConfig: Setting CVar [[r.DOF.Scatter.ForegroundCompositing:1    ; additive foreground scattering]]
[2024.07.12-20.02.31:407][  0]LogConfig: Setting CVar [[r.DOF.Scatter.BackgroundCompositing:2    ; additive background scattering]]
[2024.07.12-20.02.31:407][  0]LogConfig: Setting CVar [[r.DOF.Scatter.EnableBokehSettings:1      ; bokeh simulation when scattering]]
[2024.07.12-20.02.31:407][  0]LogConfig: Setting CVar [[r.DOF.Scatter.MaxSpriteRatio:0.1         ; only a maximum of 10% of scattered bokeh]]
[2024.07.12-20.02.31:407][  0]LogConfig: Setting CVar [[r.DOF.Recombine.Quality:1                ; cheap slight out of focus]]
[2024.07.12-20.02.31:407][  0]LogConfig: Setting CVar [[r.DOF.Recombine.EnableBokehSettings:0    ; no bokeh simulation on slight out of focus]]
[2024.07.12-20.02.31:407][  0]LogConfig: Setting CVar [[r.DOF.TemporalAAQuality:1                ; more stable temporal accumulation]]
[2024.07.12-20.02.31:407][  0]LogConfig: Setting CVar [[r.DOF.Kernel.MaxForegroundRadius:0.025]]
[2024.07.12-20.02.31:408][  0]LogConfig: Setting CVar [[r.DOF.Kernel.MaxBackgroundRadius:0.025]]
[2024.07.12-20.02.31:408][  0]LogConfig: Applying CVar settings from Section [TextureQuality@3] File [G:/project/university/game/car/CarProject/Saved/Config/Windows/Scalability.ini]
[2024.07.12-20.02.31:408][  0]LogConfig: Setting CVar [[r.Streaming.MipBias:0]]
[2024.07.12-20.02.31:408][  0]LogConfig: Setting CVar [[r.Streaming.AmortizeCPUToGPUCopy:0]]
[2024.07.12-20.02.31:408][  0]LogConfig: Setting CVar [[r.Streaming.MaxNumTexturesToStreamPerFrame:0]]
[2024.07.12-20.02.31:408][  0]LogConfig: Setting CVar [[r.Streaming.Boost:1]]
[2024.07.12-20.02.31:408][  0]LogConfig: Setting CVar [[r.MaxAnisotropy:8]]
[2024.07.12-20.02.31:408][  0]LogConfig: Setting CVar [[r.VT.MaxAnisotropy:8]]
[2024.07.12-20.02.31:408][  0]LogConfig: Setting CVar [[r.Streaming.LimitPoolSizeToVRAM:0]]
[2024.07.12-20.02.31:408][  0]LogConfig: Setting CVar [[r.Streaming.PoolSize:1000]]
[2024.07.12-20.02.31:408][  0]LogConfig: Setting CVar [[r.Streaming.MaxEffectiveScreenSize:0]]
[2024.07.12-20.02.31:408][  0]LogConfig: Applying CVar settings from Section [EffectsQuality@3] File [G:/project/university/game/car/CarProject/Saved/Config/Windows/Scalability.ini]
[2024.07.12-20.02.31:408][  0]LogConfig: Setting CVar [[r.TranslucencyLightingVolumeDim:64]]
[2024.07.12-20.02.31:408][  0]LogConfig: Setting CVar [[r.RefractionQuality:2]]
[2024.07.12-20.02.31:408][  0]LogConfig: Setting CVar [[r.SSR.Quality:3]]
[2024.07.12-20.02.31:408][  0]LogConfig: Setting CVar [[r.SSR.HalfResSceneColor:0]]
[2024.07.12-20.02.31:408][  0]LogConfig: Setting CVar [[r.SceneColorFormat:4]]
[2024.07.12-20.02.31:408][  0]LogConfig: Setting CVar [[r.DetailMode:2]]
[2024.07.12-20.02.31:408][  0]LogConfig: Setting CVar [[r.TranslucencyVolumeBlur:1]]
[2024.07.12-20.02.31:408][  0]LogConfig: Setting CVar [[r.MaterialQualityLevel:1 ; High quality]]
[2024.07.12-20.02.31:408][  0]LogConfig: Setting CVar [[r.AnisotropicMaterials:1]]
[2024.07.12-20.02.31:408][  0]LogConfig: Setting CVar [[r.SSS.Scale:1]]
[2024.07.12-20.02.31:408][  0]LogConfig: Setting CVar [[r.SSS.SampleSet:2]]
[2024.07.12-20.02.31:408][  0]LogConfig: Setting CVar [[r.SSS.Quality:1]]
[2024.07.12-20.02.31:408][  0]LogConfig: Setting CVar [[r.SSS.HalfRes:0]]
[2024.07.12-20.02.31:408][  0]LogConfig: Setting CVar [[r.SSGI.Quality:3]]
[2024.07.12-20.02.31:408][  0]LogConfig: Setting CVar [[r.EmitterSpawnRateScale:1.0]]
[2024.07.12-20.02.31:408][  0]LogConfig: Setting CVar [[r.ParticleLightQuality:2]]
[2024.07.12-20.02.31:408][  0]LogConfig: Setting CVar [[r.SkyAtmosphere.AerialPerspectiveLUT.FastApplyOnOpaque:1 ; Always have FastSkyLUT 1 in this case to avoid wrong sky]]
[2024.07.12-20.02.31:408][  0]LogConfig: Setting CVar [[r.SkyAtmosphere.AerialPerspectiveLUT.SampleCountMaxPerSlice:4]]
[2024.07.12-20.02.31:408][  0]LogConfig: Setting CVar [[r.SkyAtmosphere.AerialPerspectiveLUT.DepthResolution:16.0]]
[2024.07.12-20.02.31:408][  0]LogConfig: Setting CVar [[r.SkyAtmosphere.FastSkyLUT:1]]
[2024.07.12-20.02.31:408][  0]LogConfig: Setting CVar [[r.SkyAtmosphere.FastSkyLUT.SampleCountMin:4.0]]
[2024.07.12-20.02.31:408][  0]LogConfig: Setting CVar [[r.SkyAtmosphere.FastSkyLUT.SampleCountMax:128.0]]
[2024.07.12-20.02.31:408][  0]LogConfig: Setting CVar [[r.SkyAtmosphere.SampleCountMin:4.0]]
[2024.07.12-20.02.31:408][  0]LogConfig: Setting CVar [[r.SkyAtmosphere.SampleCountMax:128.0]]
[2024.07.12-20.02.31:408][  0]LogConfig: Setting CVar [[r.SkyAtmosphere.TransmittanceLUT.UseSmallFormat:0]]
[2024.07.12-20.02.31:408][  0]LogConfig: Setting CVar [[r.SkyAtmosphere.TransmittanceLUT.SampleCount:10.0]]
[2024.07.12-20.02.31:408][  0]LogConfig: Setting CVar [[r.SkyAtmosphere.MultiScatteringLUT.SampleCount:15.0]]
[2024.07.12-20.02.31:408][  0]LogConfig: Setting CVar [[r.SkyLight.RealTimeReflectionCapture:1]]
[2024.07.12-20.02.31:408][  0]LogConfig: Applying CVar settings from Section [FoliageQuality@3] File [G:/project/university/game/car/CarProject/Saved/Config/Windows/Scalability.ini]
[2024.07.12-20.02.31:408][  0]LogConfig: Setting CVar [[foliage.DensityScale:1.0]]
[2024.07.12-20.02.31:409][  0]LogConfig: Setting CVar [[grass.DensityScale:1.0]]
[2024.07.12-20.02.31:409][  0]LogConfig: Applying CVar settings from Section [ShadingQuality@3] File [G:/project/university/game/car/CarProject/Saved/Config/Windows/Scalability.ini]
[2024.07.12-20.02.31:409][  0]LogConfig: Setting CVar [[r.HairStrands.SkyLighting.IntegrationType:2]]
[2024.07.12-20.02.31:409][  0]LogConfig: Setting CVar [[r.HairStrands.SkyAO.SampleCount:4]]
[2024.07.12-20.02.31:409][  0]LogConfig: Setting CVar [[r.HairStrands.Visibility.MSAA.SamplePerPixel:4]]
[2024.07.12-20.02.31:409][  0]LogConfig: Applying CVar settings from Section [Startup] File [../../../Engine/Config/ConsoleVariables.ini]
[2024.07.12-20.02.31:409][  0]LogConfig: Setting CVar [[net.UseAdaptiveNetUpdateFrequency:0]]
[2024.07.12-20.02.31:409][  0]LogConfig: Setting CVar [[p.chaos.AllowCreatePhysxBodies:1]]
[2024.07.12-20.02.31:409][  0]LogConfig: Setting CVar [[fx.SkipVectorVMBackendOptimizations:1]]
[2024.07.12-20.02.31:409][  0]LogConfig: Applying CVar settings from Section [ConsoleVariables] File [G:/project/university/game/car/CarProject/Saved/Config/Windows/Engine.ini]
[2024.07.12-20.02.31:409][  0]LogConfig: Applying CVar settings from Section [ConsoleVariables] File [G:/project/university/game/car/CarProject/Saved/Config/Windows/Editor.ini]
[2024.07.12-20.02.31:409][  0]LogInit: Computer: DESKTOP-S79TQUH
[2024.07.12-20.02.31:409][  0]LogInit: User: Sany
[2024.07.12-20.02.31:409][  0]LogInit: CPU Page size=4096, Cores=4
[2024.07.12-20.02.31:409][  0]LogInit: High frequency timer resolution =10.000000 MHz
[2024.07.12-20.02.31:409][  0]LogMemory: Memory total: Physical=7.9GB (8GB approx)
[2024.07.12-20.02.31:409][  0]LogMemory: Platform Memory Stats for Windows
[2024.07.12-20.02.31:410][  0]LogMemory: Process Physical Memory: 141.09 MB used, 141.09 MB peak
[2024.07.12-20.02.31:410][  0]LogMemory: Process Virtual Memory: 126.42 MB used, 126.42 MB peak
[2024.07.12-20.02.31:410][  0]LogMemory: Physical Memory: 6032.55 MB used,  2068.67 MB free, 8101.22 MB total
[2024.07.12-20.02.31:410][  0]LogMemory: Virtual Memory: 134209000.00 MB used,  8730.14 MB free, 134217728.00 MB total
[2024.07.12-20.02.31:418][  0]LogWindows: WindowsPlatformFeatures enabled
[2024.07.12-20.02.31:457][  0]LogInit: Physics initialised using underlying interface: PhysX
[2024.07.12-20.02.31:464][  0]LogInit: Using OS detected language (en-US).
[2024.07.12-20.02.31:464][  0]LogInit: Using OS detected locale (en-US).
[2024.07.12-20.02.31:471][  0]LogTextLocalizationManager: No specific localization for 'en-US' exists, so the 'en' localization will be used.
[2024.07.12-20.02.31:826][  0]LogInit: Setting process to per monitor DPI aware
[2024.07.12-20.02.31:842][  0]LogWindowsTextInputMethodSystem: Display: IME system deactivated.
[2024.07.12-20.02.31:859][  0]LogSlate: New Slate User Created.  User Index 0, Is Virtual User: 0
[2024.07.12-20.02.31:859][  0]LogSlate: Slate User Registered.  User Index 0, Is Virtual User: 0
[2024.07.12-20.02.32:129][  0]LogD3D11RHI: Loaded GFSDK_Aftermath_Lib.x64.dll
[2024.07.12-20.02.32:136][  0]LogHMD: Failed to initialize OpenVR with code 110
[2024.07.12-20.02.32:136][  0]LogD3D11RHI: D3D11 min allowed feature level: 11_0
[2024.07.12-20.02.32:136][  0]LogD3D11RHI: D3D11 max allowed feature level: 11_0
[2024.07.12-20.02.32:136][  0]LogD3D11RHI: D3D11 adapters:
[2024.07.12-20.02.32:267][  0]LogD3D11RHI:    0. 'AMD Radeon(TM) 530' (Feature Level 11_0)
[2024.07.12-20.02.32:267][  0]LogD3D11RHI:       4086/0/4050 MB DedicatedVideo/DedicatedSystem/SharedSystem, Outputs:1, VendorId:0x1002
[2024.07.12-20.02.32:353][  0]LogD3D11RHI:    1. 'Intel(R) UHD Graphics 620' (Feature Level 11_0)
[2024.07.12-20.02.32:353][  0]LogD3D11RHI:       128/0/4050 MB DedicatedVideo/DedicatedSystem/SharedSystem, Outputs:0, VendorId:0x8086
[2024.07.12-20.02.32:357][  0]LogD3D11RHI:    2. 'Microsoft Basic Render Driver' (Feature Level 11_0)
[2024.07.12-20.02.32:358][  0]LogD3D11RHI:       0/0/4050 MB DedicatedVideo/DedicatedSystem/SharedSystem, Outputs:0, VendorId:0x1414
[2024.07.12-20.02.32:358][  0]LogD3D11RHI: Chosen D3D11 Adapter:
[2024.07.12-20.02.32:358][  0]LogD3D11RHI:     Description : AMD Radeon(TM) 530
[2024.07.12-20.02.32:358][  0]LogD3D11RHI:     VendorId    : 1002
[2024.07.12-20.02.32:358][  0]LogD3D11RHI:     DeviceId    : 6900
[2024.07.12-20.02.32:358][  0]LogD3D11RHI:     SubSysId    : 396417aa
[2024.07.12-20.02.32:358][  0]LogD3D11RHI:     Revision    : 00c3
[2024.07.12-20.02.32:358][  0]LogD3D11RHI:     DedicatedVideoMemory : 4284755968 bytes
[2024.07.12-20.02.32:358][  0]LogD3D11RHI:     DedicatedSystemMemory : 0 bytes
[2024.07.12-20.02.32:358][  0]LogD3D11RHI:     SharedSystemMemory : 4247373824 bytes
[2024.07.12-20.02.32:358][  0]LogD3D11RHI:     AdapterLuid : 0 54563
[2024.07.12-20.02.32:369][  0]LogD3D11RHI: Creating new Direct3DDevice
[2024.07.12-20.02.32:369][  0]LogD3D11RHI:     GPU DeviceId: 0x6900 (for the marketing name, search the web for "GPU Device Id")
[2024.07.12-20.02.32:369][  0]LogWindows: EnumDisplayDevices:
[2024.07.12-20.02.32:369][  0]LogWindows:    0. 'Intel(R) UHD Graphics 620' (P:1 D:1)
[2024.07.12-20.02.32:369][  0]LogWindows:    1. 'Intel(R) UHD Graphics 620' (P:0 D:0)
[2024.07.12-20.02.32:370][  0]LogWindows:    2. 'Intel(R) UHD Graphics 620' (P:0 D:0)
[2024.07.12-20.02.32:370][  0]LogWindows: DebugString: PrimaryIsNotTheChoosenAdapter PrimaryIsNotTheChoosenAdapter PrimaryIsNotTheChoosenAdapter FoundDriverCount:0 
[2024.07.12-20.02.32:370][  0]LogD3D11RHI:     Adapter Name: AMD Radeon(TM) 530
[2024.07.12-20.02.32:370][  0]LogD3D11RHI:   Driver Version: Unknown (internal:Unknown, unified:Unknown)
[2024.07.12-20.02.32:370][  0]LogD3D11RHI:      Driver Date: Unknown
[2024.07.12-20.02.32:371][  0]LogRHI: Texture pool is 2431 MB (70% of 3473 MB)
[2024.07.12-20.02.32:393][  0]LogD3D11RHI: Creating D3DDevice with AMD AGS, using adapter:
[2024.07.12-20.02.32:393][  0]LogD3D11RHI:     Description : AMD Radeon(TM) 530
[2024.07.12-20.02.32:393][  0]LogD3D11RHI:     VendorId    : 1002
[2024.07.12-20.02.32:393][  0]LogD3D11RHI:     DeviceId    : 6900
[2024.07.12-20.02.32:393][  0]LogD3D11RHI:     SubSysId    : 396417aa
[2024.07.12-20.02.32:393][  0]LogD3D11RHI:     Revision    : 00c3
[2024.07.12-20.02.32:393][  0]LogD3D11RHI:     DedicatedVideoMemory : 4284755968 bytes
[2024.07.12-20.02.32:393][  0]LogD3D11RHI:     DedicatedSystemMemory : 0 bytes
[2024.07.12-20.02.32:393][  0]LogD3D11RHI:     SharedSystemMemory : 4247373824 bytes
[2024.07.12-20.02.32:393][  0]LogD3D11RHI:     AdapterLuid : 0 54563
[2024.07.12-20.02.32:517][  0]LogD3D11RHI: Created device via AGS, feature level 11_0, supported extensions 1fffffbf.
[2024.07.12-20.02.32:517][  0]LogD3D11RHI: RHI has support for 64 bit atomics
[2024.07.12-20.02.32:517][  0]LogD3D11RHI: Async texture creation enabled
[2024.07.12-20.02.32:517][  0]LogD3D11RHI: Array index from any shader is supported
[2024.07.12-20.02.32:540][  0]LogD3D11RHI: GPU Timing Frequency: 27.000000 (Debug: 2 1)
[2024.07.12-20.02.33:177][  0]LogTargetPlatformManager: Display: Loaded TargetPlatform 'AllDesktop'
[2024.07.12-20.02.33:219][  0]LogTargetPlatformManager: Display: Loaded TargetPlatform 'Android'
[2024.07.12-20.02.33:219][  0]LogTargetPlatformManager: Display: Loaded TargetPlatform 'Android_ASTC'
[2024.07.12-20.02.33:219][  0]LogTargetPlatformManager: Display: Loaded TargetPlatform 'Android_DXT'
[2024.07.12-20.02.33:219][  0]LogTargetPlatformManager: Display: Loaded TargetPlatform 'Android_ETC2'
[2024.07.12-20.02.33:219][  0]LogTargetPlatformManager: Display: Loaded TargetPlatform 'AndroidClient'
[2024.07.12-20.02.33:219][  0]LogTargetPlatformManager: Display: Loaded TargetPlatform 'Android_ASTCClient'
[2024.07.12-20.02.33:219][  0]LogTargetPlatformManager: Display: Loaded TargetPlatform 'Android_DXTClient'
[2024.07.12-20.02.33:219][  0]LogTargetPlatformManager: Display: Loaded TargetPlatform 'Android_ETC2Client'
[2024.07.12-20.02.33:219][  0]LogTargetPlatformManager: Display: Loaded TargetPlatform 'Android_Multi'
[2024.07.12-20.02.33:219][  0]LogTargetPlatformManager: Display: Loaded TargetPlatform 'Android_MultiClient'
[2024.07.12-20.02.33:251][  0]LogTargetPlatformManager: Display: Loaded TargetPlatform 'IOSClient'
[2024.07.12-20.02.33:251][  0]LogTargetPlatformManager: Display: Loaded TargetPlatform 'IOS'
[2024.07.12-20.02.33:268][  0]LogTargetPlatformManager: Display: Loaded TargetPlatform 'Linux'
[2024.07.12-20.02.33:276][  0]LogTargetPlatformManager: Display: Loaded TargetPlatform 'LinuxNoEditor'
[2024.07.12-20.02.33:284][  0]LogTargetPlatformManager: Display: Loaded TargetPlatform 'LinuxClient'
[2024.07.12-20.02.33:292][  0]LogTargetPlatformManager: Display: Loaded TargetPlatform 'LinuxServer'
[2024.07.12-20.02.33:308][  0]LogTargetPlatformManager: Display: Loaded TargetPlatform 'LinuxAArch64NoEditor'
[2024.07.12-20.02.33:316][  0]LogTargetPlatformManager: Display: Loaded TargetPlatform 'LinuxAArch64Client'
[2024.07.12-20.02.33:324][  0]LogTargetPlatformManager: Display: Loaded TargetPlatform 'LinuxAArch64Server'
[2024.07.12-20.02.33:367][  0]LogTargetPlatformManager: Display: Loaded TargetPlatform 'Lumin'
[2024.07.12-20.02.33:367][  0]LogTargetPlatformManager: Display: Loaded TargetPlatform 'LuminClient'
[2024.07.12-20.02.33:382][  0]LogTargetPlatformManager: Display: Loaded TargetPlatform 'MacNoEditor'
[2024.07.12-20.02.33:391][  0]LogTargetPlatformManager: Display: Loaded TargetPlatform 'Mac'
[2024.07.12-20.02.33:398][  0]LogTargetPlatformManager: Display: Loaded TargetPlatform 'MacClient'
[2024.07.12-20.02.33:406][  0]LogTargetPlatformManager: Display: Loaded TargetPlatform 'MacServer'
[2024.07.12-20.02.33:425][  0]LogTargetPlatformManager: Display: Loaded TargetPlatform 'TVOSClient'
[2024.07.12-20.02.33:425][  0]LogTargetPlatformManager: Display: Loaded TargetPlatform 'TVOS'
[2024.07.12-20.02.33:443][  0]LogTargetPlatformManager: Display: Loaded TargetPlatform 'WindowsNoEditor'
[2024.07.12-20.02.33:452][  0]LogTargetPlatformManager: Display: Loaded TargetPlatform 'Windows'
[2024.07.12-20.02.33:461][  0]LogTargetPlatformManager: Display: Loaded TargetPlatform 'WindowsClient'
[2024.07.12-20.02.33:469][  0]LogTargetPlatformManager: Display: Loaded TargetPlatform 'WindowsServer'
[2024.07.12-20.02.33:469][  0]LogTargetPlatformManager: Display: Building Assets For Windows
[2024.07.12-20.02.33:482][  0]LogAudioDebug: Display: Lib vorbis DLL was dynamically loaded.
[2024.07.12-20.02.33:542][  0]LogTextureFormatOodle: Display: Oodle Texture 2.9.0 init RDO Off
[2024.07.12-20.02.33:609][  0]LogRendererCore: Ray tracing is disabled. Reason: r.RayTracing=0.
[2024.07.12-20.02.33:609][  0]LogShaderCompilers: Guid format shader working directory is 4 characters bigger than the processId version (G:/project/university/game/car/CarProject/Intermediate/Shaders/WorkingDirectory/15080/).
[2024.07.12-20.02.33:609][  0]LogShaderCompilers: Cleaned the shader compiler working directory 'C:/Users/admin/AppData/Local/Temp/UnrealShaderWorkingDir/CFA985864DC4D59F5029F8A7B6F3D12A/'.
[2024.07.12-20.02.33:610][  0]LogXGEController: Cannot use XGE Controller as Incredibuild is not installed on this machine.
[2024.07.12-20.02.33:610][  0]LogShaderCompilers: Cannot use XGE Shader Compiler as Incredibuild is not installed on this machine.
[2024.07.12-20.02.33:610][  0]LogShaderCompilers: Display: Using Local Shader Compiler.
[2024.07.12-20.02.35:116][  0]LogDerivedDataCache: Display: Max Cache Size: 512 MB
[2024.07.12-20.02.35:215][  0]LogDerivedDataCache: Loaded boot cache 0.10s 94MB C:/Users/admin/AppData/Local/UnrealEngine/4.27/DerivedDataCache/Boot.ddc.
[2024.07.12-20.02.35:215][  0]LogDerivedDataCache: Display: Loaded Boot cache: C:/Users/admin/AppData/Local/UnrealEngine/4.27/DerivedDataCache/Boot.ddc
[2024.07.12-20.02.35:215][  0]LogDerivedDataCache: FDerivedDataBackendGraph:  Pak pak cache file G:/project/university/game/car/CarProject/DerivedDataCache/DDC.ddp not found, will not use a pak cache.
[2024.07.12-20.02.35:215][  0]LogDerivedDataCache: Unable to find inner node Pak for hierarchical cache Hierarchy.
[2024.07.12-20.02.35:215][  0]LogDerivedDataCache: FDerivedDataBackendGraph:  CompressedPak pak cache file G:/project/university/game/car/CarProject/DerivedDataCache/Compressed.ddp not found, will not use a pak cache.
[2024.07.12-20.02.35:215][  0]LogDerivedDataCache: Unable to find inner node CompressedPak for hierarchical cache Hierarchy.
[2024.07.12-20.02.35:248][  0]LogDerivedDataCache: Display: Pak cache opened for reading ../../../Engine/DerivedDataCache/Compressed.ddp.
[2024.07.12-20.02.35:248][  0]LogDerivedDataCache: FDerivedDataBackendGraph:  EnterprisePak pak cache file ../../../Enterprise/DerivedDataCache/Compressed.ddp not found, will not use a pak cache.
[2024.07.12-20.02.35:249][  0]LogDerivedDataCache: Unable to find inner node EnterprisePak for hierarchical cache Hierarchy.
[2024.07.12-20.02.35:262][  0]LogDerivedDataCache: Speed tests for C:/Users/admin/AppData/Local/UnrealEngine/Common/DerivedDataCache took 0.01 seconds
[2024.07.12-20.02.35:262][  0]LogDerivedDataCache: Display: Performance to C:/Users/admin/AppData/Local/UnrealEngine/Common/DerivedDataCache: Latency=0.07ms. RandomReadSpeed=584.05MBs, RandomWriteSpeed=83.86MBs. Assigned SpeedClass 'Local'
[2024.07.12-20.02.35:263][  0]LogDerivedDataCache: Using Local data cache path C:/Users/admin/AppData/Local/UnrealEngine/Common/DerivedDataCache: Writable
[2024.07.12-20.02.35:263][  0]LogDerivedDataCache: Shared data cache path not found in *engine.ini, will not use an Shared cache.
[2024.07.12-20.02.35:263][  0]LogDerivedDataCache: Unable to find inner node Shared for hierarchical cache Hierarchy.
[2024.07.12-20.02.35:357][  0]LogSlate: Using FreeType 2.10.0
[2024.07.12-20.02.35:358][  0]LogSlate: SlateFontServices - WITH_FREETYPE: 1, WITH_HARFBUZZ: 1
[2024.07.12-20.02.35:401][  0]LogAssetRegistry: FAssetRegistry took 0.0047 seconds to start up
[2024.07.12-20.02.35:850][  0]LogInit: Selected Device Profile: [Windows]
[2024.07.12-20.02.35:850][  0]LogInit: Active device profile: [000001E9046ECF00][000001E9038DA2C0 49] Windows
[2024.07.12-20.02.35:850][  0]LogInit: Profiles: [000001E9046ECF00][000001E9038DA2C0 49] Windows, [000001E9046A6400][000001E903C04440 49] WindowsNoEditor, [000001E9046EDF00][000001E97DA2C580 49] WindowsServer, [000001E9046A5800][000001E903C086C0 49] WindowsClient, [000001E9046ED200][000001E97D4E0800 49] IOS, [000001E9046A7A00][000001E903C0C940 49] iPadAir, [000001E9046EF300][000001E90401CAC0 49] iPadAir2, [000001E90463D300][000001E903ABED80 49] IPadPro, [000001E90463D400][000001E903ABADC0 49] iPadAir3, [000001E9046A4B00][000001E903AC2F40 49] iPadAir4, [000001E90463E100][000001E903AC70C0 49] iPadMini2, [000001E9046A7400][000001E903ACB240 49] iPadMini3, [000001E90463EC00][000001E97C4493C0 49] iPadMini4, [000001E9046A6600][000001E90386B540 49] iPadMini5, [000001E904660E00][000001E903873800 49] iPhone6, [000001E904660F00][000001E90386F840 49] iPodTouch6, [000001E9046EF700][000001E97C4D5B00 49] iPhone7, [000001E9046EE800][000001E97C4D1B40 49] iPodTouch7, [000001E90463CC00][000001E9038A2140 49] iPhone5S, [000001E9046ED700][000001E9038A62C0 49] iPhone6Plus, [000001E90463EA00][000001E9038AA440 49] iPhone6S, [000001E9046EDA00][000001E9038AE5C0 49] iPhone6SPlus, [000001E904660100][000001E97C4E0740 49] iPhone7Plus, [000001E90463DD00][000001E904018880 49] iPhoneSE, [000001E904660C00][000001E97C4E49C0 49] iPhone8, [000001E90463C400][000001E97C4E8B00 49] iPhone8Plus, [000001E904662A00][000001E97C4F0C80 49] iPhoneX, [000001E90463FC00][000001E97C4F4E00 49] iPhoneXS, [000001E904662900][000001E90442CF80 49] iPhoneXSMax, [000001E90463CB00][000001E9038B3100 49] iPhoneXR, [000001E9046EF800][000001E97CF8B280 49] iPhone11, [000001E90463FD00][000001E903CB7400 49] iPhone11Pro, [000001E9046EDB00][000001E903CBB580 49] iPhone11ProMax, [000001E90463E300][000001E903CBF700 49] iPhoneSE2, [000001E9046EDE00][000001E903CC3880 49] iPhone12Mini, [000001E90463F000][000001E97DA31A00 49] iPhone12, [000001E9046EF400][000001E97D093B80 49] iPhone12Pro, [000001E90463CD00][000001E97D096180 49] iPhone12ProMax, [000001E9046EFC00][000001E903CC6300 49] iPadPro105, [000001E90463F700][000001E903CCA480 49] iPadPro129, [000001E9046ED800][000001E903CCE600 49] iPadPro97, [000001E90463C900][000001E903CD2780 49] iPadPro2_129, [000001E9046EC800][000001E903CD6900 49] iPad5, [000001E90463D000][000001E97C4ECA40 49] iPad6, [000001E9046EFD00][000001E903CDAB80 49] iPad7, [000001E90463EB00][000001E903CDECC0 49] iPad8, [000001E9046EF500][000001E97C44CE40 49] iPadPro11, [000001E90463D900][000001E97C450FC0 49] iPadPro2_11, [000001E9046EC900][000001E97C455140 49] iPadPro3_129, [000001E90463E800][000001E97C4592C0 49] iPadPro4_129, [000001E9046EEE00][000001E97C45D440 49] AppleTV, [000001E90463D100][000001E97C4615C0 49] AppleTV4K, [000001E9046EC500][000001E97C465740 49] TVOS, [000001E90463FA00][000001E97C4698C0 49] Mac, [000001E9046ED100][000001E97C46DA40 49] MacClient, [000001E90463D800][000001E97C471BC0 49] MacNoEditor, [000001E9046ED600][000001E97C4741C0 49] MacServer, [000001E90463E700][000001E97C478340 49] Linux, [000001E9046EF200][000001E97C47C4C0 49] LinuxAArch64, [000001E90463C300][000001E97C480640 49] LinuxNoEditor, [000001E9046EF100][000001E97C4847C0 49] LinuxAArch64NoEditor, [000001E90463D500][000001E97C488940 49] LinuxClient, [000001E9046ED000][000001E97C48CAC0 49] LinuxAArch64Client, [000001E90463E600][000001E903CE2C00 49] LinuxServer, [000001E9046ED400][000001E97C490D40 49] LinuxAArch64Server, [000001E90463D600][000001E97C494E80 49] Android, [000001E9046EFA00][000001E97C498FC0 49] Android_Low, [000001E90463E400][000001E97C4A1140 49] Android_Mid, [000001E9046EDD00][000001E97C4A52C0 49] Android_High, [000001E90463E000][000001E97C4A9440 49] Android_Default, [000001E9046EEB00][000001E97C4AD5C0 49] Android_Adreno4xx, [000001E90463CA00][000001E97C4B1740 49] Android_Adreno5xx_Low, [000001E9046EFB00][000001E97C4B58C0 49] Android_Adreno5xx, [000001E90463ED00][000001E97C4B9A40 49] Android_Adreno6xx, [000001E9046EC100][000001E97CF8FBC0 49] Android_Adreno6xx_Vulkan, [000001E90463E200][000001E97CF921C0 49] Android_Mali_T6xx, [000001E9046EED00][000001E97CF96340 49] Android_Mali_T7xx, [000001E9046A5400][000001E97CF9A4C0 49] Android_Mali_T8xx, [000001E904660300][000001E97CF9E640 49] Android_Mali_G71, [000001E9046A4600][000001E97CFA27C0 49] Android_Mali_G72, [000001E904660600][000001E97CFA6940 49] Android_Mali_G72_Vulkan, [000001E9046A5000][000001E97CFAAAC0 49] Android_Mali_G76, [000001E904660700][000001E97CFAEC40 49] Android_Mali_G76_Vulkan, [000001E9046A6000][000001E97C49CD80 49] Android_Mali_G77, [000001E904662F00][000001E97CFB2EC0 49] Android_Mali_G77_Vulkan, [000001E9046A4E00][000001E97CFB7000 49] Android_Mali_G78, [000001E904663100][000001E97CFBB140 49] Android_Mali_G78_Vulkan, [000001E9046A5900][000001E97CFC32C0 49] Android_Mali_G710, [000001E904662C00][000001E97CFC7440 49] Android_Mali_G710_Vulkan, [000001E9046A7600][000001E97CFCB5C0 49] Android_Vulkan_SM5, [000001E904663500][000001E97CFCF740 49] Android_PowerVR_G6xxx, [000001E9046A5A00][000001E97CFD38C0 49] Android_PowerVR_GT7xxx, [000001E904661D00][000001E97CFD7A40 49] Android_PowerVR_GE8xxx, [000001E9046A6D00][000001E97CFDBBC0 49] Android_PowerVR_GM9xxx, [000001E904660800][000001E97CFDE1C0 49] Android_PowerVR_GM9xxx_Vulkan, [000001E9046A7100][000001E97CFE2340 49] Android_TegraK1, [000001E904661400][000001E97CFE64C0 49] Android_Unknown_Vulkan, [000001E9046A6300][000001E97CFEA640 49] Lumin, [000001E904663C00][000001E97CFEE7C0 49] Lumin_Desktop, [000001E9046A6B00][000001E97CFF2940 49] HoloLens, 
[2024.07.12-20.02.36:091][  0]LogMeshReduction: Using QuadricMeshReduction for automatic static mesh reduction
[2024.07.12-20.02.36:091][  0]LogMeshReduction: Using SimplygonMeshReduction for automatic skeletal mesh reduction
[2024.07.12-20.02.36:092][  0]LogMeshReduction: Using ProxyLODMeshReduction for automatic mesh merging
[2024.07.12-20.02.36:092][  0]LogMeshReduction: No distributed automatic mesh merging module available
[2024.07.12-20.02.36:092][  0]LogMeshMerging: No distributed automatic mesh merging module available
[2024.07.12-20.02.36:116][  0]LogNetVersion: CarProject 1.0.0, NetCL: 17155196, EngineNetVer: 17, GameNetVer: 0 (Checksum: 62517687)
[2024.07.12-20.02.36:865][  0]LogTexture: Default maximum texture size for cubemaps generated from long-lat sources has been changed from 512 to unlimited. In order to preserve old behaiour for '/Engine/MapTemplates/Sky/DaylightAmbientCubemap.DaylightAmbientCubemap', its maximum texture size has been explicitly set to 512.
[2024.07.12-20.02.36:950][  0]LogHMD: PokeAHoleMaterial loaded successfully
[2024.07.12-20.02.36:959][  0]LogUObjectArray: 17178 objects as part of root set at end of initial load.
[2024.07.12-20.02.36:959][  0]LogUObjectAllocator: 4302048 out of 0 bytes used by permanent object pool.
[2024.07.12-20.02.36:959][  0]LogUObjectArray: CloseDisregardForGC: 0/0 objects in disregard for GC pool
[2024.07.12-20.02.37:470][  0]LogNiagaraDebuggerClient: Niagara Debugger Client Initialized | Session: 3D0CF8F34C4709BF1195039B753CA7F9 | Instance: 3FD2C803455602C99EA270ACA642A37B (DESKTOP-S79TQUH-15080).
[2024.07.12-20.02.37:685][  0]LogTcpMessaging: Initializing TcpMessaging bridge
[2024.07.12-20.02.37:692][  0]LogUdpMessaging: Initializing bridge on interface 0.0.0.0:0 to multicast group 230.0.0.1:6666.
[2024.07.12-20.02.37:715][  0]LogPython: Using Python 3.7.7
[2024.07.12-20.02.39:110][  0]SourceControl: Source control is disabled
[2024.07.12-20.02.39:110][  0]SourceControl: Source control is disabled
[2024.07.12-20.02.39:115][  0]SourceControl: Source control is disabled
[2024.07.12-20.02.39:120][  0]SourceControl: Source control is disabled
[2024.07.12-20.02.39:132][  0]SourceControl: Source control is disabled
[2024.07.12-20.02.39:143][  0]LogUProjectInfo: Found projects:
[2024.07.12-20.02.39:149][  0]LogVSAccessor: Display: Unable to create Visual Studio setup instance: 80040154
[2024.07.12-20.02.39:151][  0]LogVSAccessor: Display: Unable to create Visual Studio setup instance: 80040154
[2024.07.12-20.02.39:152][  0]LogVSAccessor: Display: Unable to create Visual Studio setup instance: 80040154
[2024.07.12-20.02.39:449][  0]LogOpenImageDenoise: OIDN starting up
[2024.07.12-20.02.39:471][  0]LogAndroidPermission: UAndroidPermissionCallbackProxy::GetInstance
[2024.07.12-20.02.39:508][  0]LogAudioCaptureCore: Display: No Audio Capture implementations found. Audio input will be silent.
[2024.07.12-20.02.39:509][  0]LogAudioCaptureCore: Display: No Audio Capture implementations found. Audio input will be silent.
[2024.07.12-20.02.39:722][  0]LogCollectionManager: Loaded 0 collections in 0.003353 seconds
[2024.07.12-20.02.39:767][  0]LogFileCache: Scanning file cache for directory 'G:/project/university/game/car/CarProject/Saved/Collections/' took 0.00s
[2024.07.12-20.02.39:767][  0]LogFileCache: Scanning file cache for directory 'G:/project/university/game/car/CarProject/Content/Developers/Sany/Collections/' took 0.00s
[2024.07.12-20.02.39:767][  0]LogFileCache: Scanning file cache for directory 'G:/project/university/game/car/CarProject/Content/Collections/' took 0.00s
[2024.07.12-20.02.39:767][  0]LogOcInput: OculusInput pre-init called
[2024.07.12-20.02.40:257][  0]LogEngine: Initializing Engine...
[2024.07.12-20.02.40:332][  0]LogHMD: Failed to enumerate extensions. Please check that you have a valid OpenXR runtime installed.
[2024.07.12-20.02.40:333][  0]LogHMD: Failed to initialize OpenVR with code 110
[2024.07.12-20.02.40:333][  0]LogMagicLeap: Warning: VR disabled because ZI is not enabled.  To enable, in the editor, Edit -> Project Settings -> Plugins -> Magic Leap Plugin -> Enable Zero Iteration
[2024.07.12-20.02.40:334][  0]LogStats: UGameplayTagsManager::InitializeManager -  0.000 s
[2024.07.12-20.02.40:567][  0]LogInit: Initializing FReadOnlyCVARCache
[2024.07.12-20.02.40:580][  0]LogAIModule: Creating AISystem for world Untitled
[2024.07.12-20.02.40:656][  0]LogAudio: Display: Initializing Audio Device Manager...
[2024.07.12-20.02.40:668][  0]LogAudio: Display: Loading Default Audio Settings Objects...
[2024.07.12-20.02.40:670][  0]LogAudio: Display: No default SoundConcurrencyObject specified (or failed to load).
[2024.07.12-20.02.40:671][  0]LogAudio: Display: Audio Device Manager Initialized
[2024.07.12-20.02.40:671][  0]LogAudio: Display: Creating Audio Device:                 Id: 1, Scope: Shared, Realtime: True
[2024.07.12-20.02.40:672][  0]LogAudioMixer: Display: Audio Mixer Platform Settings:
[2024.07.12-20.02.40:672][  0]LogAudioMixer: Display: 	Sample Rate:						  48000
[2024.07.12-20.02.40:672][  0]LogAudioMixer: Display: 	Callback Buffer Frame Size Requested: 1024
[2024.07.12-20.02.40:672][  0]LogAudioMixer: Display: 	Callback Buffer Frame Size To Use:	  1024
[2024.07.12-20.02.40:672][  0]LogAudioMixer: Display: 	Number of buffers to queue:			  2
[2024.07.12-20.02.40:672][  0]LogAudioMixer: Display: 	Max Channels (voices):				  32
[2024.07.12-20.02.40:672][  0]LogAudioMixer: Display: 	Number of Async Source Workers:		  0
[2024.07.12-20.02.40:672][  0]LogAudio: Display: AudioDevice MaxSources: 32
[2024.07.12-20.02.40:674][  0]LogAudio: Display: Audio Spatialization Plugin: None (built-in).
[2024.07.12-20.02.40:674][  0]LogAudio: Display: Audio Reverb Plugin: None (built-in).
[2024.07.12-20.02.40:674][  0]LogAudio: Display: Audio Occlusion Plugin: None (built-in).
[2024.07.12-20.02.40:674][  0]LogAudioMixer: Display: Initializing audio mixer.
[2024.07.12-20.02.40:720][  0]LogAudioMixer: Display: 0: FrontLeft
[2024.07.12-20.02.40:720][  0]LogAudioMixer: Display: 1: FrontRight
[2024.07.12-20.02.41:501][  0]LogAudioMixer: Display: Using Audio Device Speakers (Realtek High Definition Audio)
[2024.07.12-20.02.41:509][  0]LogAudioMixer: Display: Initializing Sound Submixes...
[2024.07.12-20.02.41:517][  0]LogAudioMixer: Display: Creating Master Submix 'MasterSubmixDefault'
[2024.07.12-20.02.41:517][  0]LogAudioMixer: Display: Creating Master Submix 'MasterReverbSubmixDefault'
[2024.07.12-20.02.41:521][  0]LogAudioMixer: Display: Creating Master Submix 'MasterEQSubmixDefault'
[2024.07.12-20.02.41:521][  0]LogAudioMixer: FMixerPlatformXAudio2::StartAudioStream() called
[2024.07.12-20.02.41:521][  0]LogAudioMixer: Display: Output buffers initialized: Frames=1024, Channels=2, Samples=2048
[2024.07.12-20.02.41:524][  0]LogAudioMixer: Display: Starting AudioMixerPlatformInterface::RunInternal()
[2024.07.12-20.02.41:524][  0]LogAudioMixer: Display: FMixerPlatformXAudio2::SubmitBuffer() called for the first time
[2024.07.12-20.02.41:524][  0]LogInit: FAudioDevice initialized.
[2024.07.12-20.02.41:525][  0]LogAudio: Display: Audio Device (ID: 1) registered with world 'Untitled'.
[2024.07.12-20.02.41:525][  0]LogNetVersion: Set ProjectVersion to 1.0.0.0. Version Checksum will be recalculated on next use.
[2024.07.12-20.02.41:883][  0]LogDerivedDataCache: Saved boot cache 0.36s 94MB C:/Users/admin/AppData/Local/UnrealEngine/4.27/DerivedDataCache/Boot.ddc.
[2024.07.12-20.02.41:886][  0]LogInit: Texture streaming: Enabled
[2024.07.12-20.02.41:927][  0]LogAnalytics: Display: [UEEditor.Rocket.Release] APIServer = https://datarouter.ol.epicgames.com/. AppVersion = 4.27.2-18319896+++UE4+Release-4.27
[2024.07.12-20.02.41:940][  0]LogEngineSessionManager: EngineSessionManager initialized
[2024.07.12-20.02.41:940][  0]LogEditorSessionSummary: Verbose: Initializing EditorSessionSummaryWriter for editor session tracking
[2024.07.12-20.02.41:955][  0]LogEditorSessionSummary: EditorSessionSummaryWriter initialized
[2024.07.12-20.02.42:014][  0]LogInit: Transaction tracking system initialized
[2024.07.12-20.02.42:050][  0]BlueprintLog: New page: Editor Load
[2024.07.12-20.02.42:151][  0]LocalizationService: Localization service is disabled
[2024.07.12-20.02.42:190][  0]TimingProfiler: Initialize
[2024.07.12-20.02.42:191][  0]TimingProfiler: OnSessionChanged
[2024.07.12-20.02.42:191][  0]LoadingProfiler: Initialize
[2024.07.12-20.02.42:191][  0]LoadingProfiler: OnSessionChanged
[2024.07.12-20.02.42:191][  0]NetworkingProfiler: Initialize
[2024.07.12-20.02.42:191][  0]NetworkingProfiler: OnSessionChanged
[2024.07.12-20.02.42:191][  0]MemoryProfiler: Initialize
[2024.07.12-20.02.42:191][  0]MemoryProfiler: OnSessionChanged
[2024.07.12-20.02.42:286][  0]LogVSAccessor: Display: Unable to create Visual Studio setup instance: 80040154
[2024.07.12-20.02.42:287][  0]LogVSAccessor: Display: Unable to create Visual Studio setup instance: 80040154
[2024.07.12-20.02.42:288][  0]LogVSAccessor: Display: Unable to create Visual Studio setup instance: 80040154
[2024.07.12-20.02.42:512][  0]LogCook: Display: CookSettings for Memory: MemoryMaxUsedVirtual 0MiB, MemoryMaxUsedPhysical 16384MiB, MemoryMinFreeVirtual 0MiB, MemoryMinFreePhysical 1024MiB
[2024.07.12-20.02.42:512][  0]LogCook: Display: Mobile HDR setting 1
[2024.07.12-20.02.42:669][  0]LogFileCache: Scanning file cache for directory 'G:/project/university/game/car/CarProject/Content/' took 0.01s
[2024.07.12-20.02.43:222][  0]LogInit: Display: Engine is initialized. Leaving FEngineLoop::Init()
[2024.07.12-20.02.43:230][  0]SourceControl: Source control is disabled
[2024.07.12-20.02.43:230][  0]LogUnrealEdMisc: Loading editor; pre map load, took 14.241
[2024.07.12-20.02.43:231][  0]Cmd: MAP LOAD FILE="G:/project/university/game/car/CarProject/Content/StarterContent/Maps/Minimal_Default.umap" TEMPLATE=0 SHOWPROGRESS=1 FEATURELEVEL=3
[2024.07.12-20.02.43:231][  0]LightingResults: New page: Lighting Build
[2024.07.12-20.02.43:235][  0]LogWorld: UWorld::CleanupWorld for Untitled, bSessionEnded=true, bCleanupResources=true
[2024.07.12-20.02.43:236][  0]LogSlate: InvalidateAllWidgets triggered.  All widgets were invalidated
[2024.07.12-20.02.43:236][  0]MapCheck: New page: Map Check
[2024.07.12-20.02.43:236][  0]LightingResults: New page: Lighting Build
[2024.07.12-20.02.43:247][  0]LogAudio: Display: Audio Device unregistered from world 'None'.
[2024.07.12-20.02.43:252][  0]LogUObjectHash: Compacting FUObjectHashTables data took   1.53ms
[2024.07.12-20.02.44:167][  0]LogAudio: Display: Audio Device (ID: 1) registered with world 'Minimal_Default'.
[2024.07.12-20.02.44:170][  0]LogAIModule: Creating AISystem for world Minimal_Default
[2024.07.12-20.02.44:256][  0]LogEditorServer: Finished looking for orphan Actors (0.000 secs)
[2024.07.12-20.02.44:279][  0]LogUObjectHash: Compacting FUObjectHashTables data took   1.71ms
[2024.07.12-20.02.44:279][  0]Cmd: MAP CHECKDEP NOCLEARLOG
[2024.07.12-20.02.44:280][  0]MapCheck: Map check complete: 0 Error(s), 0 Warning(s), took 0.191ms to complete.
[2024.07.12-20.02.44:280][  0]LogFileHelpers: Loading map 'Minimal_Default' took 1.049
[2024.07.12-20.02.44:283][  0]LogUnrealEdMisc: Total Editor Startup Time, took 15.293
[2024.07.12-20.02.44:687][  0]LogSlate: Updating window title bar state: overlay mode, drag disabled, window buttons hidden, title bar hidden
[2024.07.12-20.02.44:718][  0]LogSlate: Updating window title bar state: overlay mode, drag disabled, window buttons hidden, title bar hidden
[2024.07.12-20.02.44:746][  0]LogSlate: Updating window title bar state: overlay mode, drag disabled, window buttons hidden, title bar hidden
[2024.07.12-20.02.44:773][  0]LogSlate: Updating window title bar state: overlay mode, drag disabled, window buttons hidden, title bar hidden
[2024.07.12-20.02.45:569][  0]LogNativeClassHierarchy: Verbose: Native class hierarchy populated in 0.0396 seconds. Added 3822 classes and 928 folders.
[2024.07.12-20.02.45:607][  0]LogNativeClassHierarchy: Verbose: Native class hierarchy updated for 'WidgetCarousel' in 0.0010 seconds. Added 0 classes and 0 folders.
[2024.07.12-20.02.45:639][  0]LogPakFile: PakFile PrimaryIndexSize=187
[2024.07.12-20.02.45:639][  0]LogPakFile: PakFile PathHashIndexSize=101
[2024.07.12-20.02.45:639][  0]LogPakFile: PakFile FullDirectoryIndexSize=148
[2024.07.12-20.02.45:643][  0]LogShaderLibrary: Display: ShaderCodeLibraryPakFileMountedCallback: PakFile 'C:/Program Files/Epic Games/UE_4.27/FeaturePacks/FP_FirstPerson.upack' (chunk index -1, root 'root:/') mounted
[2024.07.12-20.02.45:643][  0]LogShaderLibrary: Display: ShaderCodeLibraryPakFileMountedCallback: pending pak file info (ChunkID:-1 Root:root:/ File:C:/Program Files/Epic Games/UE_4.27/FeaturePacks/FP_FirstPerson.upack)
[2024.07.12-20.02.45:646][  0]LogPakFile: OnPakFileMounted2Time == 0.006348
[2024.07.12-20.02.45:665][  0]LogPakFile: PakFile PrimaryIndexSize=189
[2024.07.12-20.02.45:665][  0]LogPakFile: PakFile PathHashIndexSize=101
[2024.07.12-20.02.45:665][  0]LogPakFile: PakFile FullDirectoryIndexSize=152
[2024.07.12-20.02.45:665][  0]LogShaderLibrary: Display: ShaderCodeLibraryPakFileMountedCallback: PakFile 'C:/Program Files/Epic Games/UE_4.27/FeaturePacks/FP_FirstPersonBP.upack' (chunk index -1, root 'root:/') mounted
[2024.07.12-20.02.45:665][  0]LogShaderLibrary: Display: ShaderCodeLibraryPakFileMountedCallback: pending pak file info (ChunkID:-1 Root:root:/ File:C:/Program Files/Epic Games/UE_4.27/FeaturePacks/FP_FirstPersonBP.upack)
[2024.07.12-20.02.45:665][  0]LogPakFile: OnPakFileMounted2Time == 0.000219
[2024.07.12-20.02.45:673][  0]LogPakFile: PakFile PrimaryIndexSize=191
[2024.07.12-20.02.45:673][  0]LogPakFile: PakFile PathHashIndexSize=101
[2024.07.12-20.02.45:673][  0]LogPakFile: PakFile FullDirectoryIndexSize=160
[2024.07.12-20.02.45:673][  0]LogShaderLibrary: Display: ShaderCodeLibraryPakFileMountedCallback: PakFile 'C:/Program Files/Epic Games/UE_4.27/FeaturePacks/MobileStarterContent.upack' (chunk index -1, root 'root:/') mounted
[2024.07.12-20.02.45:673][  0]LogShaderLibrary: Display: ShaderCodeLibraryPakFileMountedCallback: pending pak file info (ChunkID:-1 Root:root:/ File:C:/Program Files/Epic Games/UE_4.27/FeaturePacks/MobileStarterContent.upack)
[2024.07.12-20.02.45:673][  0]LogPakFile: OnPakFileMounted2Time == 0.000192
[2024.07.12-20.02.45:682][  0]LogPakFile: PakFile PrimaryIndexSize=185
[2024.07.12-20.02.45:682][  0]LogPakFile: PakFile PathHashIndexSize=101
[2024.07.12-20.02.45:682][  0]LogPakFile: PakFile FullDirectoryIndexSize=148
[2024.07.12-20.02.45:682][  0]LogShaderLibrary: Display: ShaderCodeLibraryPakFileMountedCallback: PakFile 'C:/Program Files/Epic Games/UE_4.27/FeaturePacks/StarterContent.upack' (chunk index -1, root 'root:/') mounted
[2024.07.12-20.02.45:682][  0]LogShaderLibrary: Display: ShaderCodeLibraryPakFileMountedCallback: pending pak file info (ChunkID:-1 Root:root:/ File:C:/Program Files/Epic Games/UE_4.27/FeaturePacks/StarterContent.upack)
[2024.07.12-20.02.45:682][  0]LogPakFile: OnPakFileMounted2Time == 0.000205
[2024.07.12-20.02.45:690][  0]LogPakFile: PakFile PrimaryIndexSize=190
[2024.07.12-20.02.45:690][  0]LogPakFile: PakFile PathHashIndexSize=101
[2024.07.12-20.02.45:690][  0]LogPakFile: PakFile FullDirectoryIndexSize=154
[2024.07.12-20.02.45:691][  0]LogShaderLibrary: Display: ShaderCodeLibraryPakFileMountedCallback: PakFile 'C:/Program Files/Epic Games/UE_4.27/FeaturePacks/TP_2DSideScroller.upack' (chunk index -1, root 'root:/') mounted
[2024.07.12-20.02.45:691][  0]LogShaderLibrary: Display: ShaderCodeLibraryPakFileMountedCallback: pending pak file info (ChunkID:-1 Root:root:/ File:C:/Program Files/Epic Games/UE_4.27/FeaturePacks/TP_2DSideScroller.upack)
[2024.07.12-20.02.45:691][  0]LogPakFile: OnPakFileMounted2Time == 0.000194
[2024.07.12-20.02.45:699][  0]LogPakFile: PakFile PrimaryIndexSize=192
[2024.07.12-20.02.45:699][  0]LogPakFile: PakFile PathHashIndexSize=101
[2024.07.12-20.02.45:699][  0]LogPakFile: PakFile FullDirectoryIndexSize=158
[2024.07.12-20.02.45:699][  0]LogShaderLibrary: Display: ShaderCodeLibraryPakFileMountedCallback: PakFile 'C:/Program Files/Epic Games/UE_4.27/FeaturePacks/TP_2DSideScrollerBP.upack' (chunk index -1, root 'root:/') mounted
[2024.07.12-20.02.45:699][  0]LogShaderLibrary: Display: ShaderCodeLibraryPakFileMountedCallback: pending pak file info (ChunkID:-1 Root:root:/ File:C:/Program Files/Epic Games/UE_4.27/FeaturePacks/TP_2DSideScrollerBP.upack)
[2024.07.12-20.02.45:699][  0]LogPakFile: OnPakFileMounted2Time == 0.000233
[2024.07.12-20.02.45:706][  0]LogPakFile: PakFile PrimaryIndexSize=182
[2024.07.12-20.02.45:706][  0]LogPakFile: PakFile PathHashIndexSize=101
[2024.07.12-20.02.45:706][  0]LogPakFile: PakFile FullDirectoryIndexSize=138
[2024.07.12-20.02.45:706][  0]LogShaderLibrary: Display: ShaderCodeLibraryPakFileMountedCallback: PakFile 'C:/Program Files/Epic Games/UE_4.27/FeaturePacks/TP_Flying.upack' (chunk index -1, root 'root:/') mounted
[2024.07.12-20.02.45:706][  0]LogShaderLibrary: Display: ShaderCodeLibraryPakFileMountedCallback: pending pak file info (ChunkID:-1 Root:root:/ File:C:/Program Files/Epic Games/UE_4.27/FeaturePacks/TP_Flying.upack)
[2024.07.12-20.02.45:706][  0]LogPakFile: OnPakFileMounted2Time == 0.000193
[2024.07.12-20.02.45:713][  0]LogPakFile: PakFile PrimaryIndexSize=184
[2024.07.12-20.02.45:713][  0]LogPakFile: PakFile PathHashIndexSize=101
[2024.07.12-20.02.45:713][  0]LogPakFile: PakFile FullDirectoryIndexSize=142
[2024.07.12-20.02.45:713][  0]LogShaderLibrary: Display: ShaderCodeLibraryPakFileMountedCallback: PakFile 'C:/Program Files/Epic Games/UE_4.27/FeaturePacks/TP_FlyingBP.upack' (chunk index -1, root 'root:/') mounted
[2024.07.12-20.02.45:713][  0]LogShaderLibrary: Display: ShaderCodeLibraryPakFileMountedCallback: pending pak file info (ChunkID:-1 Root:root:/ File:C:/Program Files/Epic Games/UE_4.27/FeaturePacks/TP_FlyingBP.upack)
[2024.07.12-20.02.45:713][  0]LogPakFile: OnPakFileMounted2Time == 0.000179
[2024.07.12-20.02.45:725][  0]LogPakFile: PakFile PrimaryIndexSize=188
[2024.07.12-20.02.45:725][  0]LogPakFile: PakFile PathHashIndexSize=101
[2024.07.12-20.02.45:725][  0]LogPakFile: PakFile FullDirectoryIndexSize=150
[2024.07.12-20.02.45:725][  0]LogShaderLibrary: Display: ShaderCodeLibraryPakFileMountedCallback: PakFile 'C:/Program Files/Epic Games/UE_4.27/FeaturePacks/TP_HandheldARBP.upack' (chunk index -1, root 'root:/') mounted
[2024.07.12-20.02.45:725][  0]LogShaderLibrary: Display: ShaderCodeLibraryPakFileMountedCallback: pending pak file info (ChunkID:-1 Root:root:/ File:C:/Program Files/Epic Games/UE_4.27/FeaturePacks/TP_HandheldARBP.upack)
[2024.07.12-20.02.45:725][  0]LogPakFile: OnPakFileMounted2Time == 0.000208
[2024.07.12-20.02.45:739][  0]LogPakFile: PakFile PrimaryIndexSize=182
[2024.07.12-20.02.45:739][  0]LogPakFile: PakFile PathHashIndexSize=101
[2024.07.12-20.02.45:739][  0]LogPakFile: PakFile FullDirectoryIndexSize=138
[2024.07.12-20.02.45:739][  0]LogShaderLibrary: Display: ShaderCodeLibraryPakFileMountedCallback: PakFile 'C:/Program Files/Epic Games/UE_4.27/FeaturePacks/TP_Puzzle.upack' (chunk index -1, root 'root:/') mounted
[2024.07.12-20.02.45:739][  0]LogShaderLibrary: Display: ShaderCodeLibraryPakFileMountedCallback: pending pak file info (ChunkID:-1 Root:root:/ File:C:/Program Files/Epic Games/UE_4.27/FeaturePacks/TP_Puzzle.upack)
[2024.07.12-20.02.45:739][  0]LogPakFile: OnPakFileMounted2Time == 0.000202
[2024.07.12-20.02.45:747][  0]LogPakFile: PakFile PrimaryIndexSize=184
[2024.07.12-20.02.45:747][  0]LogPakFile: PakFile PathHashIndexSize=101
[2024.07.12-20.02.45:747][  0]LogPakFile: PakFile FullDirectoryIndexSize=142
[2024.07.12-20.02.45:747][  0]LogShaderLibrary: Display: ShaderCodeLibraryPakFileMountedCallback: PakFile 'C:/Program Files/Epic Games/UE_4.27/FeaturePacks/TP_PuzzleBP.upack' (chunk index -1, root 'root:/') mounted
[2024.07.12-20.02.45:747][  0]LogShaderLibrary: Display: ShaderCodeLibraryPakFileMountedCallback: pending pak file info (ChunkID:-1 Root:root:/ File:C:/Program Files/Epic Games/UE_4.27/FeaturePacks/TP_PuzzleBP.upack)
[2024.07.12-20.02.45:747][  0]LogPakFile: OnPakFileMounted2Time == 0.000193
[2024.07.12-20.02.45:757][  0]LogPakFile: PakFile PrimaryIndexSize=183
[2024.07.12-20.02.45:757][  0]LogPakFile: PakFile PathHashIndexSize=101
[2024.07.12-20.02.45:757][  0]LogPakFile: PakFile FullDirectoryIndexSize=140
[2024.07.12-20.02.45:757][  0]LogShaderLibrary: Display: ShaderCodeLibraryPakFileMountedCallback: PakFile 'C:/Program Files/Epic Games/UE_4.27/FeaturePacks/TP_Rolling.upack' (chunk index -1, root 'root:/') mounted
[2024.07.12-20.02.45:757][  0]LogShaderLibrary: Display: ShaderCodeLibraryPakFileMountedCallback: pending pak file info (ChunkID:-1 Root:root:/ File:C:/Program Files/Epic Games/UE_4.27/FeaturePacks/TP_Rolling.upack)
[2024.07.12-20.02.45:757][  0]LogPakFile: OnPakFileMounted2Time == 0.000192
[2024.07.12-20.02.45:768][  0]LogPakFile: PakFile PrimaryIndexSize=185
[2024.07.12-20.02.45:768][  0]LogPakFile: PakFile PathHashIndexSize=101
[2024.07.12-20.02.45:768][  0]LogPakFile: PakFile FullDirectoryIndexSize=144
[2024.07.12-20.02.45:768][  0]LogShaderLibrary: Display: ShaderCodeLibraryPakFileMountedCallback: PakFile 'C:/Program Files/Epic Games/UE_4.27/FeaturePacks/TP_RollingBP.upack' (chunk index -1, root 'root:/') mounted
[2024.07.12-20.02.45:768][  0]LogShaderLibrary: Display: ShaderCodeLibraryPakFileMountedCallback: pending pak file info (ChunkID:-1 Root:root:/ File:C:/Program Files/Epic Games/UE_4.27/FeaturePacks/TP_RollingBP.upack)
[2024.07.12-20.02.45:769][  0]LogPakFile: OnPakFileMounted2Time == 0.000192
[2024.07.12-20.02.45:776][  0]LogPakFile: PakFile PrimaryIndexSize=188
[2024.07.12-20.02.45:776][  0]LogPakFile: PakFile PathHashIndexSize=101
[2024.07.12-20.02.45:776][  0]LogPakFile: PakFile FullDirectoryIndexSize=150
[2024.07.12-20.02.45:776][  0]LogShaderLibrary: Display: ShaderCodeLibraryPakFileMountedCallback: PakFile 'C:/Program Files/Epic Games/UE_4.27/FeaturePacks/TP_SideScroller.upack' (chunk index -1, root 'root:/') mounted
[2024.07.12-20.02.45:776][  0]LogShaderLibrary: Display: ShaderCodeLibraryPakFileMountedCallback: pending pak file info (ChunkID:-1 Root:root:/ File:C:/Program Files/Epic Games/UE_4.27/FeaturePacks/TP_SideScroller.upack)
[2024.07.12-20.02.45:777][  0]LogPakFile: OnPakFileMounted2Time == 0.000198
[2024.07.12-20.02.45:784][  0]LogPakFile: PakFile PrimaryIndexSize=190
[2024.07.12-20.02.45:784][  0]LogPakFile: PakFile PathHashIndexSize=101
[2024.07.12-20.02.45:784][  0]LogPakFile: PakFile FullDirectoryIndexSize=154
[2024.07.12-20.02.45:784][  0]LogShaderLibrary: Display: ShaderCodeLibraryPakFileMountedCallback: PakFile 'C:/Program Files/Epic Games/UE_4.27/FeaturePacks/TP_SideScrollerBP.upack' (chunk index -1, root 'root:/') mounted
[2024.07.12-20.02.45:784][  0]LogShaderLibrary: Display: ShaderCodeLibraryPakFileMountedCallback: pending pak file info (ChunkID:-1 Root:root:/ File:C:/Program Files/Epic Games/UE_4.27/FeaturePacks/TP_SideScrollerBP.upack)
[2024.07.12-20.02.45:785][  0]LogPakFile: OnPakFileMounted2Time == 0.000262
[2024.07.12-20.02.45:794][  0]LogPakFile: PakFile PrimaryIndexSize=187
[2024.07.12-20.02.45:794][  0]LogPakFile: PakFile PathHashIndexSize=101
[2024.07.12-20.02.45:794][  0]LogPakFile: PakFile FullDirectoryIndexSize=148
[2024.07.12-20.02.45:795][  0]LogShaderLibrary: Display: ShaderCodeLibraryPakFileMountedCallback: PakFile 'C:/Program Files/Epic Games/UE_4.27/FeaturePacks/TP_ThirdPerson.upack' (chunk index -1, root 'root:/') mounted
[2024.07.12-20.02.45:795][  0]LogShaderLibrary: Display: ShaderCodeLibraryPakFileMountedCallback: pending pak file info (ChunkID:-1 Root:root:/ File:C:/Program Files/Epic Games/UE_4.27/FeaturePacks/TP_ThirdPerson.upack)
[2024.07.12-20.02.45:795][  0]LogPakFile: OnPakFileMounted2Time == 0.000231
[2024.07.12-20.02.45:806][  0]LogPakFile: PakFile PrimaryIndexSize=189
[2024.07.12-20.02.45:806][  0]LogPakFile: PakFile PathHashIndexSize=101
[2024.07.12-20.02.45:806][  0]LogPakFile: PakFile FullDirectoryIndexSize=152
[2024.07.12-20.02.45:806][  0]LogShaderLibrary: Display: ShaderCodeLibraryPakFileMountedCallback: PakFile 'C:/Program Files/Epic Games/UE_4.27/FeaturePacks/TP_ThirdPersonBP.upack' (chunk index -1, root 'root:/') mounted
[2024.07.12-20.02.45:806][  0]LogShaderLibrary: Display: ShaderCodeLibraryPakFileMountedCallback: pending pak file info (ChunkID:-1 Root:root:/ File:C:/Program Files/Epic Games/UE_4.27/FeaturePacks/TP_ThirdPersonBP.upack)
[2024.07.12-20.02.45:806][  0]LogPakFile: OnPakFileMounted2Time == 0.000191
[2024.07.12-20.02.45:817][  0]LogPakFile: PakFile PrimaryIndexSize=183
[2024.07.12-20.02.45:817][  0]LogPakFile: PakFile PathHashIndexSize=101
[2024.07.12-20.02.45:817][  0]LogPakFile: PakFile FullDirectoryIndexSize=140
[2024.07.12-20.02.45:817][  0]LogShaderLibrary: Display: ShaderCodeLibraryPakFileMountedCallback: PakFile 'C:/Program Files/Epic Games/UE_4.27/FeaturePacks/TP_TopDown.upack' (chunk index -1, root 'root:/') mounted
[2024.07.12-20.02.45:817][  0]LogShaderLibrary: Display: ShaderCodeLibraryPakFileMountedCallback: pending pak file info (ChunkID:-1 Root:root:/ File:C:/Program Files/Epic Games/UE_4.27/FeaturePacks/TP_TopDown.upack)
[2024.07.12-20.02.45:817][  0]LogPakFile: OnPakFileMounted2Time == 0.000214
[2024.07.12-20.02.45:827][  0]LogPakFile: PakFile PrimaryIndexSize=185
[2024.07.12-20.02.45:827][  0]LogPakFile: PakFile PathHashIndexSize=101
[2024.07.12-20.02.45:827][  0]LogPakFile: PakFile FullDirectoryIndexSize=144
[2024.07.12-20.02.45:827][  0]LogShaderLibrary: Display: ShaderCodeLibraryPakFileMountedCallback: PakFile 'C:/Program Files/Epic Games/UE_4.27/FeaturePacks/TP_TopDownBP.upack' (chunk index -1, root 'root:/') mounted
[2024.07.12-20.02.45:827][  0]LogShaderLibrary: Display: ShaderCodeLibraryPakFileMountedCallback: pending pak file info (ChunkID:-1 Root:root:/ File:C:/Program Files/Epic Games/UE_4.27/FeaturePacks/TP_TopDownBP.upack)
[2024.07.12-20.02.45:827][  0]LogPakFile: OnPakFileMounted2Time == 0.000208
[2024.07.12-20.02.45:837][  0]LogPakFile: PakFile PrimaryIndexSize=185
[2024.07.12-20.02.45:837][  0]LogPakFile: PakFile PathHashIndexSize=101
[2024.07.12-20.02.45:837][  0]LogPakFile: PakFile FullDirectoryIndexSize=144
[2024.07.12-20.02.45:837][  0]LogShaderLibrary: Display: ShaderCodeLibraryPakFileMountedCallback: PakFile 'C:/Program Files/Epic Games/UE_4.27/FeaturePacks/TP_TwinStick.upack' (chunk index -1, root 'root:/') mounted
[2024.07.12-20.02.45:837][  0]LogShaderLibrary: Display: ShaderCodeLibraryPakFileMountedCallback: pending pak file info (ChunkID:-1 Root:root:/ File:C:/Program Files/Epic Games/UE_4.27/FeaturePacks/TP_TwinStick.upack)
[2024.07.12-20.02.45:837][  0]LogPakFile: OnPakFileMounted2Time == 0.000191
[2024.07.12-20.02.45:847][  0]LogPakFile: PakFile PrimaryIndexSize=187
[2024.07.12-20.02.45:848][  0]LogPakFile: PakFile PathHashIndexSize=101
[2024.07.12-20.02.45:848][  0]LogPakFile: PakFile FullDirectoryIndexSize=148
[2024.07.12-20.02.45:848][  0]LogShaderLibrary: Display: ShaderCodeLibraryPakFileMountedCallback: PakFile 'C:/Program Files/Epic Games/UE_4.27/FeaturePacks/TP_TwinStickBP.upack' (chunk index -1, root 'root:/') mounted
[2024.07.12-20.02.45:848][  0]LogShaderLibrary: Display: ShaderCodeLibraryPakFileMountedCallback: pending pak file info (ChunkID:-1 Root:root:/ File:C:/Program Files/Epic Games/UE_4.27/FeaturePacks/TP_TwinStickBP.upack)
[2024.07.12-20.02.45:848][  0]LogPakFile: OnPakFileMounted2Time == 0.000191
[2024.07.12-20.02.45:857][  0]LogPakFile: PakFile PrimaryIndexSize=183
[2024.07.12-20.02.45:857][  0]LogPakFile: PakFile PathHashIndexSize=101
[2024.07.12-20.02.45:857][  0]LogPakFile: PakFile FullDirectoryIndexSize=140
[2024.07.12-20.02.45:857][  0]LogShaderLibrary: Display: ShaderCodeLibraryPakFileMountedCallback: PakFile 'C:/Program Files/Epic Games/UE_4.27/FeaturePacks/TP_Vehicle.upack' (chunk index -1, root 'root:/') mounted
[2024.07.12-20.02.45:857][  0]LogShaderLibrary: Display: ShaderCodeLibraryPakFileMountedCallback: pending pak file info (ChunkID:-1 Root:root:/ File:C:/Program Files/Epic Games/UE_4.27/FeaturePacks/TP_Vehicle.upack)
[2024.07.12-20.02.45:857][  0]LogPakFile: OnPakFileMounted2Time == 0.000184
[2024.07.12-20.02.45:867][  0]LogPakFile: PakFile PrimaryIndexSize=186
[2024.07.12-20.02.45:867][  0]LogPakFile: PakFile PathHashIndexSize=101
[2024.07.12-20.02.45:867][  0]LogPakFile: PakFile FullDirectoryIndexSize=146
[2024.07.12-20.02.45:867][  0]LogShaderLibrary: Display: ShaderCodeLibraryPakFileMountedCallback: PakFile 'C:/Program Files/Epic Games/UE_4.27/FeaturePacks/TP_VehicleAdv.upack' (chunk index -1, root 'root:/') mounted
[2024.07.12-20.02.45:867][  0]LogShaderLibrary: Display: ShaderCodeLibraryPakFileMountedCallback: pending pak file info (ChunkID:-1 Root:root:/ File:C:/Program Files/Epic Games/UE_4.27/FeaturePacks/TP_VehicleAdv.upack)
[2024.07.12-20.02.45:868][  0]LogPakFile: OnPakFileMounted2Time == 0.000248
[2024.07.12-20.02.45:878][  0]LogPakFile: PakFile PrimaryIndexSize=188
[2024.07.12-20.02.45:878][  0]LogPakFile: PakFile PathHashIndexSize=101
[2024.07.12-20.02.45:878][  0]LogPakFile: PakFile FullDirectoryIndexSize=150
[2024.07.12-20.02.45:878][  0]LogShaderLibrary: Display: ShaderCodeLibraryPakFileMountedCallback: PakFile 'C:/Program Files/Epic Games/UE_4.27/FeaturePacks/TP_VehicleAdvBP.upack' (chunk index -1, root 'root:/') mounted
[2024.07.12-20.02.45:878][  0]LogShaderLibrary: Display: ShaderCodeLibraryPakFileMountedCallback: pending pak file info (ChunkID:-1 Root:root:/ File:C:/Program Files/Epic Games/UE_4.27/FeaturePacks/TP_VehicleAdvBP.upack)
[2024.07.12-20.02.45:878][  0]LogPakFile: OnPakFileMounted2Time == 0.000180
[2024.07.12-20.02.45:889][  0]LogPakFile: PakFile PrimaryIndexSize=185
[2024.07.12-20.02.45:889][  0]LogPakFile: PakFile PathHashIndexSize=101
[2024.07.12-20.02.45:890][  0]LogPakFile: PakFile FullDirectoryIndexSize=144
[2024.07.12-20.02.45:890][  0]LogShaderLibrary: Display: ShaderCodeLibraryPakFileMountedCallback: PakFile 'C:/Program Files/Epic Games/UE_4.27/FeaturePacks/TP_VehicleBP.upack' (chunk index -1, root 'root:/') mounted
[2024.07.12-20.02.45:890][  0]LogShaderLibrary: Display: ShaderCodeLibraryPakFileMountedCallback: pending pak file info (ChunkID:-1 Root:root:/ File:C:/Program Files/Epic Games/UE_4.27/FeaturePacks/TP_VehicleBP.upack)
[2024.07.12-20.02.45:890][  0]LogPakFile: OnPakFileMounted2Time == 0.000190
[2024.07.12-20.02.45:900][  0]LogPakFile: PakFile PrimaryIndexSize=192
[2024.07.12-20.02.45:900][  0]LogPakFile: PakFile PathHashIndexSize=101
[2024.07.12-20.02.45:900][  0]LogPakFile: PakFile FullDirectoryIndexSize=158
[2024.07.12-20.02.45:900][  0]LogShaderLibrary: Display: ShaderCodeLibraryPakFileMountedCallback: PakFile 'C:/Program Files/Epic Games/UE_4.27/FeaturePacks/TP_VirtualRealityBP.upack' (chunk index -1, root 'root:/') mounted
[2024.07.12-20.02.45:901][  0]LogShaderLibrary: Display: ShaderCodeLibraryPakFileMountedCallback: pending pak file info (ChunkID:-1 Root:root:/ File:C:/Program Files/Epic Games/UE_4.27/FeaturePacks/TP_VirtualRealityBP.upack)
[2024.07.12-20.02.45:901][  0]LogPakFile: OnPakFileMounted2Time == 0.000202
[2024.07.12-20.02.46:745][  0]LogNativeClassHierarchy: Verbose: Native class hierarchy updated for 'AddContentDialog' in 0.0010 seconds. Added 0 classes and 0 folders.
[2024.07.12-20.02.46:904][  0]LogSlate: Took 0.000284 seconds to synchronously load lazily loaded font '../../../Engine/Content/Slate/Fonts/Roboto-Regular.ttf' (155K)
[2024.07.12-20.02.46:911][  0]LogSlate: Took 0.003447 seconds to synchronously load lazily loaded font '../../../Engine/Content/Editor/Slate/Fonts/FontAwesome.ttf' (139K)
[2024.07.12-20.02.46:914][  0]LogSlate: Took 0.000211 seconds to synchronously load lazily loaded font '../../../Engine/Content/Slate/Fonts/Roboto-Bold.ttf' (160K)
[2024.07.12-20.02.47:160][  0]LogRenderer: Reallocating scene render targets to support 1220x404 Format 10 NumSamples 1 (Frame:1).
[2024.07.12-20.02.47:492][  0]LogSlate: Took 0.004251 seconds to synchronously load lazily loaded font '../../../Engine/Content/Slate/Fonts/Roboto-Light.ttf' (167K)
[2024.07.12-20.02.47:667][  0]LogNativeClassHierarchy: Verbose: Native class hierarchy updated for 'HierarchicalLODOutliner' in 0.0006 seconds. Added 0 classes and 0 folders.
[2024.07.12-20.02.47:667][  0]LogLoad: (Engine Initialization) Total time: 18.68 seconds
[2024.07.12-20.02.47:667][  0]LogLoad: (Engine Initialization) Total Blueprint compile time: 0.00 seconds
[2024.07.12-20.02.47:793][  0]LogContentStreaming: Texture pool size now 1000 MB
[2024.07.12-20.02.47:879][  1]LogAssetRegistry: Asset discovery search completed in 12.4789 seconds
[2024.07.12-20.02.47:893][  1]LogCollectionManager: Fixed up redirectors for 0 collections in 0.000008 seconds (updated 0 objects)
[2024.07.12-20.03.32:269][265]LogSlate: Took 0.000295 seconds to synchronously load lazily loaded font '../../../Engine/Content/Slate/Fonts/Roboto-Light.ttf' (167K)
[2024.07.12-20.03.32:320][265]LogFactory: FactoryCreateFile: SoundWave with ReimportSoundFactory (0 0 G:/project/university/game/car/Drive1.wav)
[2024.07.12-20.03.32:379][265]LogFactory: FactoryCreateFile: SoundWave with ReimportSoundFactory (0 0 G:/project/university/game/car/Drive2.wav)
[2024.07.12-20.03.32:405][265]LogFactory: FactoryCreateFile: SoundWave with ReimportSoundFactory (0 0 G:/project/university/game/car/Drive3.wav)
[2024.07.12-20.03.32:428][265]LogFactory: FactoryCreateFile: SoundWave with ReimportSoundFactory (0 0 G:/project/university/game/car/Ide.wav)
[2024.07.12-20.03.54:522][566]LogContentBrowser: Deferred new asset file creation: NewSoundCue
[2024.07.12-20.03.54:538][566]LogContentBrowser: Creating deferred item: NewSoundCue
[2024.07.12-20.04.48:588][557]LogContentBrowser: Attempting asset rename: NewSoundCue -> NewSoundCue
[2024.07.12-20.04.48:596][557]LogContentBrowser: End creating deferred item NewSoundCue
[2024.07.12-20.05.00:639][112]LogContentBrowser: Attempting asset rename: NewSoundCue -> EngineCue
[2024.07.12-20.05.00:699][112]LogMetaData: Removing '/Game/Sounds/EngineCue.EngineCue:SoundCueGraph_0.SoundCueGraphNode_Root_0' ref from Metadata '/Game/Sounds/NewSoundCue.PackageMetaData'
[2024.07.12-20.05.00:756][112]Cmd: OBJ SAVEPACKAGE PACKAGE="/Game/Sounds/EngineCue" FILE="G:/project/university/game/car/CarProject/Content/Sounds/EngineCue.uasset" SILENT=true
[2024.07.12-20.05.00:780][112]LogSavePackage: Moving 'G:/project/university/game/car/CarProject/Saved/EngineCue451E3A7445FF8BE2FD0554B91EC7FE82.tmp' to 'G:/project/university/game/car/CarProject/Content/Sounds/EngineCue.uasset'
[2024.07.12-20.05.00:893][112]LogUObjectHash: Compacting FUObjectHashTables data took   1.19ms
[2024.07.12-20.05.00:923][112]LogUObjectHash: Compacting FUObjectHashTables data took   1.34ms
[2024.07.12-20.05.00:933][112]LogUObjectHash: Compacting FUObjectHashTables data took   0.46ms
[2024.07.12-20.05.00:976][112]AssetCheck: New page: Asset Save: EngineCue
[2024.07.12-20.05.00:976][112]LogContentValidation: Display: Validating SoundCue /Game/Sounds/EngineCue.EngineCue
[2024.07.12-20.05.09:546][491]LogUObjectHash: Compacting FUObjectHashTables data took   1.17ms
[2024.07.12-20.05.10:748][491]LogSlate: Window 'Delete Assets' being destroyed
[2024.07.12-20.05.10:892][491]LogUObjectHash: Compacting FUObjectHashTables data took   1.13ms
[2024.07.12-20.05.10:914][491]LogUObjectHash: Compacting FUObjectHashTables data took   1.32ms
[2024.07.12-20.05.10:929][491]LogUObjectHash: Compacting FUObjectHashTables data took   0.61ms
[2024.07.12-20.05.14:158][640]LogContentBrowser: Deferred new asset file creation: NewSoundCue
[2024.07.12-20.05.14:172][640]LogContentBrowser: Creating deferred item: NewSoundCue
[2024.07.12-20.05.19:849][904]LogContentBrowser: Attempting asset rename: NewSoundCue -> EngineCue
[2024.07.12-20.05.19:849][904]LogContentBrowser: End creating deferred item NewSoundCue
[2024.07.12-20.07.07:223][649]LogAssetEditorSubsystem: Opening Asset editor for SoundCue /Game/Sounds/EngineCue.EngineCue
[2024.07.12-20.07.07:704][649]LogSlate: Took 0.000751 seconds to synchronously load lazily loaded font '../../../Engine/Content/Slate/Fonts/Roboto-BoldCondensed.ttf' (158K)
[2024.07.12-20.07.09:883][715]LogSlate: Window 'EngineCue' being destroyed
[2024.07.12-20.07.09:908][716]LogRenderer: Reallocating scene render targets to support 1524x504 Format 10 NumSamples 1 (Frame:2448).
[2024.07.12-20.07.33:857][429]LogAudioDerivedData: Display: Building compressed audio format OGG hash OGG10000-1-1-1-1-1 wave Drive3...
[2024.07.12-20.07.33:858][429]LogAudioDerivedData: Display: Compression Quality for SoundWave /Game/Sounds/Drive3.Drive3 will be modified from 40 to 40.
[2024.07.12-20.07.33:973][429]LogAudioDerivedData: Display: Updated SoundWave->RawPCMDataSize from 0 to 302080 while cooking SoundWave /Game/Sounds/Drive3.Drive3.
[2024.07.12-20.09.16:459][141]LogEditorTransaction: Undo Move Node
[2024.07.12-20.09.32:517][552]Cmd: OBJ SAVEPACKAGE PACKAGE="/Game/Sounds/EngineCue" FILE="G:/project/university/game/car/CarProject/Content/Sounds/EngineCue.uasset" SILENT=true
[2024.07.12-20.09.32:521][552]LogSavePackage: Moving 'G:/project/university/game/car/CarProject/Saved/EngineCue4E68574E4E813DBFA47E8483B0DFEB7F.tmp' to 'G:/project/university/game/car/CarProject/Content/Sounds/EngineCue.uasset'
[2024.07.12-20.09.32:538][552]AssetCheck: New page: Asset Save: EngineCue
[2024.07.12-20.09.32:538][552]LogContentValidation: Display: Validating SoundCue /Game/Sounds/EngineCue.EngineCue
[2024.07.12-20.09.33:652][595]LogUObjectHash: Compacting FUObjectHashTables data took   1.82ms
[2024.07.12-20.09.33:688][595]LogSavePackage: Moving 'G:/project/university/game/car/CarProject/Saved/Minimal_Default033644014A60AB246BB560955330B725.tmp' to 'G:/project/university/game/car/CarProject/Content/StarterContent/Maps/Minimal_Default.umap'
[2024.07.12-20.09.33:708][595]Cmd: OBJ SAVEPACKAGE PACKAGE="/Game/StarterContent/Maps/Minimal_Default_BuiltData" FILE="G:/project/university/game/car/CarProject/Content/StarterContent/Maps/Minimal_Default_BuiltData.uasset" SILENT=true
[2024.07.12-20.09.33:810][595]LogSavePackage: Moving 'G:/project/university/game/car/CarProject/Saved/Minimal_Default_BuiltData9F23A766426323DD35B8A6A6B69667E2.tmp' to 'G:/project/university/game/car/CarProject/Content/StarterContent/Maps/Minimal_Default_BuiltData.uasset'
[2024.07.12-20.09.33:829][595]AssetCheck: New page: Asset Save: multiple assets
[2024.07.12-20.09.33:829][595]LogContentValidation: Display: Validating MapBuildDataRegistry /Game/StarterContent/Maps/Minimal_Default_BuiltData.Minimal_Default_BuiltData
[2024.07.12-20.09.33:829][595]LogContentValidation: Display: Validating World /Game/StarterContent/Maps/Minimal_Default.Minimal_Default
